--2026-04-20 15:18:38--  https://ftp.ncbi.nlm.nih.gov/genomes/all/GCF/000/750/555/GCF_000750555.1_ASM75055v1/GCF_000750555.1_ASM75055v1_genomic.fna.gz
Resolving ftp.ncbi.nlm.nih.gov (ftp.ncbi.nlm.nih.gov)... 130.14.250.31, 130.14.250.7, 2607:f220:41e:250::12, ...
Connecting to ftp.ncbi.nlm.nih.gov (ftp.ncbi.nlm.nih.gov)|130.14.250.31|:443... connected.
HTTP request sent, awaiting response... 200 OK
Length: 1377282 (1.3M) [application/x-gzip]
Saving to: ‘GCF_000750555.1_ASM75055v1_genomic.fna.gz’

     0K .......... .......... .......... .......... ..........  3% 2.53M 1s
    50K .......... .......... .......... .......... ..........  7% 4.02M 0s
   100K .......... .......... .......... .......... .......... 11% 74.6M 0s
   150K .......... .......... .......... .......... .......... 14% 94.7M 0s
   200K .......... .......... .......... .......... .......... 18% 4.12M 0s
   250K .......... .......... .......... .......... .......... 22% 93.7M 0s
   300K .......... .......... .......... .......... .......... 26%  101M 0s
   350K .......... .......... .......... .......... .......... 29% 4.43M 0s
   400K .......... .......... .......... .......... .......... 33% 88.6M 0s
   450K .......... .......... .......... .......... .......... 37% 85.7M 0s
   500K .......... .......... .......... .......... .......... 40%  103M 0s
   550K .......... .......... .......... .......... .......... 44%  100M 0s
   600K .......... .......... .......... .......... .......... 48% 90.4M 0s
   650K .......... .......... .......... .......... .......... 52%  101M 0s
   700K .......... .......... .......... .......... .......... 55% 5.82M 0s
   750K .......... .......... .......... .......... .......... 59% 95.3M 0s
   800K .......... .......... .......... .......... .......... 63%  101M 0s
   850K .......... .......... .......... .......... .......... 66% 88.0M 0s
   900K .......... .......... .......... .......... .......... 70%  102M 0s
   950K .......... .......... .......... .......... .......... 74% 89.5M 0s
  1000K .......... .......... .......... .......... .......... 78% 5.31M 0s
  1050K .......... .......... .......... .......... .......... 81% 97.7M 0s
  1100K .......... .......... .......... .......... .......... 85% 91.9M 0s
  1150K .......... .......... .......... .......... .......... 89%  107M 0s
  1200K .......... .......... .......... .......... .......... 92% 89.8M 0s
  1250K .......... .......... .......... .......... .......... 96%  109M 0s
  1300K .......... .......... .......... .......... .....     100% 96.4M=0.08s

2026-04-20 15:18:38 (15.9 MB/s) - ‘GCF_000750555.1_ASM75055v1_genomic.fna.gz’ saved [1377282/1377282]

--2026-04-20 15:18:38--  https://ftp.ncbi.nlm.nih.gov/genomes/all/GCF/000/750/555/GCF_000750555.1_ASM75055v1/GCF_000750555.1_ASM75055v1_genomic.gff.gz
Resolving ftp.ncbi.nlm.nih.gov (ftp.ncbi.nlm.nih.gov)... 130.14.250.7, 130.14.250.31, 2607:f220:41e:250::13, ...
Connecting to ftp.ncbi.nlm.nih.gov (ftp.ncbi.nlm.nih.gov)|130.14.250.7|:443... connected.
HTTP request sent, awaiting response... 200 OK
Length: 438196 (428K) [application/x-gzip]
Saving to: ‘GCF_000750555.1_ASM75055v1_genomic.gff.gz’

     0K .......... .......... .......... .......... .......... 11% 1.87M 0s
    50K .......... .......... .......... .......... .......... 23% 3.42M 0s
   100K .......... .......... .......... .......... .......... 35%  120M 0s
   150K .......... .......... .......... .......... .......... 46%  165M 0s
   200K .......... .......... .......... .......... .......... 58% 3.60M 0s
   250K .......... .......... .......... .......... .......... 70%  155M 0s
   300K .......... .......... .......... .......... .......... 81% 3.55M 0s
   350K .......... .......... .......... .......... .......... 93%  131M 0s
   400K .......... .......... .......                         100%  165M=0.07s

2026-04-20 15:18:39 (6.04 MB/s) - ‘GCF_000750555.1_ASM75055v1_genomic.gff.gz’ saved [438196/438196]

