samblaster: Version 0.1.24
samblaster: Inputting from stdin
samblaster: Outputting to stdout
Looking to launch executable "/isg/shared/apps/bwa-mem2/2.2.1/bwa-mem2-2.2.1_x64-linux/bwa-mem2.avx2", simd = .avx2
Launching executable "/isg/shared/apps/bwa-mem2/2.2.1/bwa-mem2-2.2.1_x64-linux/bwa-mem2.avx2"
-----------------------------
Executing in AVX2 mode!!
-----------------------------
* SA compression enabled with xfactor: 8
* Ref file: ../../results/03_variantcalling/01_index_genome/GCF_000750555
* Entering FMI_search
* Index file found. Loading index from ../../results/03_variantcalling/01_index_genome/GCF_000750555.bwt.2bit.64
* Reference seq len for bi-index = 9262939
* sentinel-index: 1460155
* Count:
0,	1
1,	2279670
2,	4631470
3,	6983270
4,	9262939

* Reading other elements of the index from files ../../results/03_variantcalling/01_index_genome/GCF_000750555
* Index prefix: ../../results/03_variantcalling/01_index_genome/GCF_000750555
* Read 0 ALT contigs
* Done reading Index!!
* Reading reference genome..
* Binary seq file = ../../results/03_variantcalling/01_index_genome/GCF_000750555.0123
* Reference genome size: 9262938 bp
* Done reading reference genome !!

------------------------------------------
1. Memory pre-allocation for Chaining: 696.7080 MB
2. Memory pre-allocation for BSW: 1198.0851 MB
3. Memory pre-allocation for BWT: 386.5709 MB
------------------------------------------
* Threads used (compute): 5
* No. of pipeline threads: 2

[0000] read_chunk: 50000000, work_chunk_size: 50000265, nseq: 263732
	[0000][ M::kt_pipeline] read 263732 sequences (50000265 bp)...
[0000] Calling mem_process_seqs.., task: 0
[0000] 1. Calling kt_for - worker_bwt
[0000] 2. Calling kt_for - worker_aln
[0000] read_chunk: 50000000, work_chunk_size: 50000189, nseq: 265714
	[0000][ M::kt_pipeline] read 265714 sequences (50000189 bp)...
[0000] Inferring insert size distribution of PE reads from data, l_pac: 4631469, n: 263732
[0000][PE] # candidate unique pairs for (FF, FR, RF, RR): (18, 127747, 0, 4)
[0000][PE] analyzing insert size distribution for orientation FF...
[0000][PE] (25, 50, 75) percentile: (704, 1601, 1898)
[0000][PE] low and high boundaries for computing mean and std.dev: (1, 4286)
[0000][PE] mean and std.dev: (1371.17, 659.29)
[0000][PE] low and high boundaries for proper pairs: (1, 5480)
[0000][PE] analyzing insert size distribution for orientation FR...
[0000][PE] (25, 50, 75) percentile: (169, 364, 596)
[0000][PE] low and high boundaries for computing mean and std.dev: (1, 1450)
[0000][PE] mean and std.dev: (398.28, 250.24)
[0000][PE] low and high boundaries for proper pairs: (1, 1877)
[0000][PE] skip orientation RF as there are not enough pairs
[0000][PE] skip orientation RR as there are not enough pairs
[0000][PE] skip orientation FF
[0000] 3. Calling kt_for - worker_sam
	[0000][ M::mem_process_seqs] Processed 263732 reads in 13.981 CPU sec, 2.724 real sec
[0000] Calling mem_process_seqs.., task: 1
[0000] 1. Calling kt_for - worker_bwt
samblaster: Loaded 1 header sequence entries.
[0000] 2. Calling kt_for - worker_aln
[0000] read_chunk: 50000000, work_chunk_size: 50000251, nseq: 264802
	[0000][ M::kt_pipeline] read 264802 sequences (50000251 bp)...
[0000] Inferring insert size distribution of PE reads from data, l_pac: 4631469, n: 265714
[0000][PE] # candidate unique pairs for (FF, FR, RF, RR): (6, 128679, 1, 12)
[0000][PE] skip orientation FF as there are not enough pairs
[0000][PE] analyzing insert size distribution for orientation FR...
[0000][PE] (25, 50, 75) percentile: (163, 355, 589)
[0000][PE] low and high boundaries for computing mean and std.dev: (1, 1441)
[0000][PE] mean and std.dev: (392.72, 250.50)
[0000][PE] low and high boundaries for proper pairs: (1, 1867)
[0000][PE] skip orientation RF as there are not enough pairs
[0000][PE] analyzing insert size distribution for orientation RR...
[0000][PE] (25, 50, 75) percentile: (1726, 1868, 2012)
[0000][PE] low and high boundaries for computing mean and std.dev: (1154, 2584)
[0000][PE] mean and std.dev: (1918.89, 125.55)
[0000][PE] low and high boundaries for proper pairs: (868, 2870)
[0000][PE] skip orientation RR
[0000] 3. Calling kt_for - worker_sam
	[0000][ M::mem_process_seqs] Processed 265714 reads in 13.951 CPU sec, 3.173 real sec
[0000] Calling mem_process_seqs.., task: 2
[0000] 1. Calling kt_for - worker_bwt
[0000] 2. Calling kt_for - worker_aln
[0000] read_chunk: 50000000, work_chunk_size: 50000159, nseq: 263474
	[0000][ M::kt_pipeline] read 263474 sequences (50000159 bp)...
[0000] Inferring insert size distribution of PE reads from data, l_pac: 4631469, n: 264802
[0000][PE] # candidate unique pairs for (FF, FR, RF, RR): (13, 128221, 1, 15)
[0000][PE] analyzing insert size distribution for orientation FF...
[0000][PE] (25, 50, 75) percentile: (590, 788, 1621)
[0000][PE] low and high boundaries for computing mean and std.dev: (1, 3683)
[0000][PE] mean and std.dev: (922.08, 549.03)
[0000][PE] low and high boundaries for proper pairs: (1, 4714)
[0000][PE] analyzing insert size distribution for orientation FR...
[0000][PE] (25, 50, 75) percentile: (163, 355, 590)
[0000][PE] low and high boundaries for computing mean and std.dev: (1, 1444)
[0000][PE] mean and std.dev: (393.46, 252.20)
[0000][PE] low and high boundaries for proper pairs: (1, 1871)
[0000][PE] skip orientation RF as there are not enough pairs
[0000][PE] analyzing insert size distribution for orientation RR...
[0000][PE] (25, 50, 75) percentile: (391, 1725, 1975)
[0000][PE] low and high boundaries for computing mean and std.dev: (1, 5143)
[0000][PE] mean and std.dev: (1212.80, 781.33)
[0000][PE] low and high boundaries for proper pairs: (1, 6727)
[0000][PE] skip orientation FF
[0000][PE] skip orientation RR
[0000] 3. Calling kt_for - worker_sam
	[0000][ M::mem_process_seqs] Processed 264802 reads in 13.879 CPU sec, 3.211 real sec
[0000] Calling mem_process_seqs.., task: 3
[0000] 1. Calling kt_for - worker_bwt
[0000] 2. Calling kt_for - worker_aln
[0000] read_chunk: 50000000, work_chunk_size: 50000309, nseq: 264106
	[0000][ M::kt_pipeline] read 264106 sequences (50000309 bp)...
[0000] Inferring insert size distribution of PE reads from data, l_pac: 4631469, n: 263474
[0000][PE] # candidate unique pairs for (FF, FR, RF, RR): (16, 127492, 0, 8)
[0000][PE] analyzing insert size distribution for orientation FF...
[0000][PE] (25, 50, 75) percentile: (909, 1456, 1923)
[0000][PE] low and high boundaries for computing mean and std.dev: (1, 3951)
[0000][PE] mean and std.dev: (1349.50, 699.41)
[0000][PE] low and high boundaries for proper pairs: (1, 4965)
[0000][PE] analyzing insert size distribution for orientation FR...
[0000][PE] (25, 50, 75) percentile: (175, 381, 610)
[0000][PE] low and high boundaries for computing mean and std.dev: (1, 1480)
[0000][PE] mean and std.dev: (409.76, 254.35)
[0000][PE] low and high boundaries for proper pairs: (1, 1915)
[0000][PE] skip orientation RF as there are not enough pairs
[0000][PE] skip orientation RR as there are not enough pairs
[0000][PE] skip orientation FF
[0000] 3. Calling kt_for - worker_sam
	[0000][ M::mem_process_seqs] Processed 263474 reads in 14.819 CPU sec, 3.394 real sec
[0000] Calling mem_process_seqs.., task: 4
[0000] 1. Calling kt_for - worker_bwt
[0000] 2. Calling kt_for - worker_aln
[0000] read_chunk: 50000000, work_chunk_size: 50000318, nseq: 264158
	[0000][ M::kt_pipeline] read 264158 sequences (50000318 bp)...
[0000] Inferring insert size distribution of PE reads from data, l_pac: 4631469, n: 264106
[0000][PE] # candidate unique pairs for (FF, FR, RF, RR): (10, 127916, 0, 6)
[0000][PE] analyzing insert size distribution for orientation FF...
[0000][PE] (25, 50, 75) percentile: (301, 646, 1529)
[0000][PE] low and high boundaries for computing mean and std.dev: (1, 3985)
[0000][PE] mean and std.dev: (872.90, 630.61)
[0000][PE] low and high boundaries for proper pairs: (1, 5213)
[0000][PE] analyzing insert size distribution for orientation FR...
[0000][PE] (25, 50, 75) percentile: (166, 355, 589)
[0000][PE] low and high boundaries for computing mean and std.dev: (1, 1435)
[0000][PE] mean and std.dev: (393.36, 250.02)
[0000][PE] low and high boundaries for proper pairs: (1, 1858)
[0000][PE] skip orientation RF as there are not enough pairs
[0000][PE] skip orientation RR as there are not enough pairs
[0000][PE] skip orientation FF
[0000] 3. Calling kt_for - worker_sam
	[0000][ M::mem_process_seqs] Processed 264106 reads in 14.071 CPU sec, 3.163 real sec
[0000] Calling mem_process_seqs.., task: 5
[0000] 1. Calling kt_for - worker_bwt
[0000] 2. Calling kt_for - worker_aln
[0000] read_chunk: 50000000, work_chunk_size: 50000273, nseq: 262146
	[0000][ M::kt_pipeline] read 262146 sequences (50000273 bp)...
[0000] Inferring insert size distribution of PE reads from data, l_pac: 4631469, n: 264158
[0000][PE] # candidate unique pairs for (FF, FR, RF, RR): (9, 127833, 0, 13)
[0000][PE] skip orientation FF as there are not enough pairs
[0000][PE] analyzing insert size distribution for orientation FR...
[0000][PE] (25, 50, 75) percentile: (168, 373, 605)
[0000][PE] low and high boundaries for computing mean and std.dev: (1, 1479)
[0000][PE] mean and std.dev: (405.53, 256.83)
[0000][PE] low and high boundaries for proper pairs: (1, 1916)
[0000][PE] skip orientation RF as there are not enough pairs
[0000][PE] analyzing insert size distribution for orientation RR...
[0000][PE] (25, 50, 75) percentile: (504, 604, 1508)
[0000][PE] low and high boundaries for computing mean and std.dev: (1, 3516)
[0000][PE] mean and std.dev: (859.31, 490.68)
[0000][PE] low and high boundaries for proper pairs: (1, 4520)
[0000][PE] skip orientation RR
[0000] 3. Calling kt_for - worker_sam
	[0000][ M::mem_process_seqs] Processed 264158 reads in 14.708 CPU sec, 3.420 real sec
[0000] Calling mem_process_seqs.., task: 6
[0000] 1. Calling kt_for - worker_bwt
[0000] 2. Calling kt_for - worker_aln
[0000] read_chunk: 50000000, work_chunk_size: 50000203, nseq: 267404
	[0000][ M::kt_pipeline] read 267404 sequences (50000203 bp)...
[0000] Inferring insert size distribution of PE reads from data, l_pac: 4631469, n: 262146
[0000][PE] # candidate unique pairs for (FF, FR, RF, RR): (11, 126937, 0, 12)
[0000][PE] analyzing insert size distribution for orientation FF...
[0000][PE] (25, 50, 75) percentile: (507, 664, 1241)
[0000][PE] low and high boundaries for computing mean and std.dev: (1, 2709)
[0000][PE] mean and std.dev: (758.00, 499.51)
[0000][PE] low and high boundaries for proper pairs: (1, 3443)
[0000][PE] analyzing insert size distribution for orientation FR...
[0000][PE] (25, 50, 75) percentile: (171, 372, 604)
[0000][PE] low and high boundaries for computing mean and std.dev: (1, 1470)
[0000][PE] mean and std.dev: (404.70, 253.75)
[0000][PE] low and high boundaries for proper pairs: (1, 1903)
[0000][PE] skip orientation RF as there are not enough pairs
[0000][PE] analyzing insert size distribution for orientation RR...
[0000][PE] (25, 50, 75) percentile: (1724, 1916, 1968)
[0000][PE] low and high boundaries for computing mean and std.dev: (1236, 2456)
[0000][PE] mean and std.dev: (1860.55, 142.17)
[0000][PE] low and high boundaries for proper pairs: (992, 2700)
[0000][PE] skip orientation FF
[0000][PE] skip orientation RR
[0000] 3. Calling kt_for - worker_sam
	[0000][ M::mem_process_seqs] Processed 262146 reads in 13.643 CPU sec, 3.707 real sec
[0000] Calling mem_process_seqs.., task: 7
[0000] 1. Calling kt_for - worker_bwt
[0000] 2. Calling kt_for - worker_aln
[0000] read_chunk: 50000000, work_chunk_size: 50000102, nseq: 259996
	[0000][ M::kt_pipeline] read 259996 sequences (50000102 bp)...
[0000] Inferring insert size distribution of PE reads from data, l_pac: 4631469, n: 267404
[0000][PE] # candidate unique pairs for (FF, FR, RF, RR): (7, 129558, 1, 11)
[0000][PE] skip orientation FF as there are not enough pairs
[0000][PE] analyzing insert size distribution for orientation FR...
[0000][PE] (25, 50, 75) percentile: (160, 348, 584)
[0000][PE] low and high boundaries for computing mean and std.dev: (1, 1432)
[0000][PE] mean and std.dev: (388.53, 249.51)
[0000][PE] low and high boundaries for proper pairs: (1, 1856)
[0000][PE] skip orientation RF as there are not enough pairs
[0000][PE] analyzing insert size distribution for orientation RR...
[0000][PE] (25, 50, 75) percentile: (377, 632, 1451)
[0000][PE] low and high boundaries for computing mean and std.dev: (1, 3599)
[0000][PE] mean and std.dev: (771.60, 540.45)
[0000][PE] low and high boundaries for proper pairs: (1, 4673)
[0000][PE] skip orientation RR
[0000] 3. Calling kt_for - worker_sam
	[0000][ M::mem_process_seqs] Processed 267404 reads in 14.178 CPU sec, 3.368 real sec
[0000] Calling mem_process_seqs.., task: 8
[0000] 1. Calling kt_for - worker_bwt
[0000] 2. Calling kt_for - worker_aln
[0000] Inferring insert size distribution of PE reads from data, l_pac: 4631469, n: 259996
[0000][PE] # candidate unique pairs for (FF, FR, RF, RR): (12, 126026, 2, 15)
[0000][PE] analyzing insert size distribution for orientation FF...
[0000][PE] (25, 50, 75) percentile: (365, 562, 1487)
[0000][PE] low and high boundaries for computing mean and std.dev: (1, 3731)
[0000][PE] mean and std.dev: (774.75, 563.34)
[0000][PE] low and high boundaries for proper pairs: (1, 4853)
[0000][PE] analyzing insert size distribution for orientation FR...
[0000][PE] (25, 50, 75) percentile: (170, 366, 597)
[0000][PE] low and high boundaries for computing mean and std.dev: (1, 1451)
[0000][PE] mean and std.dev: (399.85, 251.44)
[0000][PE] low and high boundaries for proper pairs: (1, 1878)
[0000][PE] skip orientation RF as there are not enough pairs
[0000][PE] analyzing insert size distribution for orientation RR...
[0000][PE] (25, 50, 75) percentile: (1260, 1830, 2046)
[0000][PE] low and high boundaries for computing mean and std.dev: (1, 3618)
[0000][PE] mean and std.dev: (1614.93, 834.67)
[0000][PE] low and high boundaries for proper pairs: (1, 4954)
[0000][PE] skip orientation FF
[0000][PE] skip orientation RR
[0000] 3. Calling kt_for - worker_sam
	[0000][ M::mem_process_seqs] Processed 259996 reads in 13.184 CPU sec, 2.822 real sec
[0000] read_chunk: 50000000, work_chunk_size: 50000279, nseq: 265296
	[0000][ M::kt_pipeline] read 265296 sequences (50000279 bp)...
[0000] Calling mem_process_seqs.., task: 9
[0000] 1. Calling kt_for - worker_bwt
[0000] read_chunk: 50000000, work_chunk_size: 50000283, nseq: 265530
	[0000][ M::kt_pipeline] read 265530 sequences (50000283 bp)...
[0000] 2. Calling kt_for - worker_aln
[0000] Inferring insert size distribution of PE reads from data, l_pac: 4631469, n: 265296
[0000][PE] # candidate unique pairs for (FF, FR, RF, RR): (15, 128573, 0, 5)
[0000][PE] analyzing insert size distribution for orientation FF...
[0000][PE] (25, 50, 75) percentile: (665, 1708, 1793)
[0000][PE] low and high boundaries for computing mean and std.dev: (1, 4049)
[0000][PE] mean and std.dev: (1266.53, 748.99)
[0000][PE] low and high boundaries for proper pairs: (1, 5177)
[0000][PE] analyzing insert size distribution for orientation FR...
[0000][PE] (25, 50, 75) percentile: (166, 365, 599)
[0000][PE] low and high boundaries for computing mean and std.dev: (1, 1465)
[0000][PE] mean and std.dev: (400.54, 254.86)
[0000][PE] low and high boundaries for proper pairs: (1, 1898)
[0000][PE] skip orientation RF as there are not enough pairs
[0000][PE] skip orientation RR as there are not enough pairs
[0000][PE] skip orientation FF
[0000] 3. Calling kt_for - worker_sam
	[0000][ M::mem_process_seqs] Processed 265296 reads in 13.914 CPU sec, 3.519 real sec
[0000] Calling mem_process_seqs.., task: 10
[0000] 1. Calling kt_for - worker_bwt
[0000] 2. Calling kt_for - worker_aln
[0000] read_chunk: 50000000, work_chunk_size: 50000098, nseq: 260022
	[0000][ M::kt_pipeline] read 260022 sequences (50000098 bp)...
[0000] Inferring insert size distribution of PE reads from data, l_pac: 4631469, n: 265530
[0000][PE] # candidate unique pairs for (FF, FR, RF, RR): (9, 128557, 0, 9)
[0000][PE] skip orientation FF as there are not enough pairs
[0000][PE] analyzing insert size distribution for orientation FR...
[0000][PE] (25, 50, 75) percentile: (165, 362, 594)
[0000][PE] low and high boundaries for computing mean and std.dev: (1, 1452)
[0000][PE] mean and std.dev: (397.73, 252.67)
[0000][PE] low and high boundaries for proper pairs: (1, 1881)
[0000][PE] skip orientation RF as there are not enough pairs
[0000][PE] skip orientation RR as there are not enough pairs
[0000] 3. Calling kt_for - worker_sam
	[0000][ M::mem_process_seqs] Processed 265530 reads in 14.396 CPU sec, 3.819 real sec
[0000] Calling mem_process_seqs.., task: 11
[0000] 1. Calling kt_for - worker_bwt
[0000] 2. Calling kt_for - worker_aln
[0000] read_chunk: 50000000, work_chunk_size: 31193601, nseq: 167564
	[0000][ M::kt_pipeline] read 167564 sequences (31193601 bp)...
[0000] Inferring insert size distribution of PE reads from data, l_pac: 4631469, n: 260022
[0000][PE] # candidate unique pairs for (FF, FR, RF, RR): (10, 125912, 0, 9)
[0000][PE] analyzing insert size distribution for orientation FF...
[0000][PE] (25, 50, 75) percentile: (559, 1529, 1802)
[0000][PE] low and high boundaries for computing mean and std.dev: (1, 4288)
[0000][PE] mean and std.dev: (1177.90, 662.49)
[0000][PE] low and high boundaries for proper pairs: (1, 5531)
[0000][PE] analyzing insert size distribution for orientation FR...
[0000][PE] (25, 50, 75) percentile: (175, 384, 614)
[0000][PE] low and high boundaries for computing mean and std.dev: (1, 1492)
[0000][PE] mean and std.dev: (412.93, 257.42)
[0000][PE] low and high boundaries for proper pairs: (1, 1931)
[0000][PE] skip orientation RF as there are not enough pairs
[0000][PE] skip orientation RR as there are not enough pairs
[0000][PE] skip orientation FF
[0000] 3. Calling kt_for - worker_sam
	[0000][ M::mem_process_seqs] Processed 260022 reads in 14.093 CPU sec, 3.430 real sec
[0000] Calling mem_process_seqs.., task: 12
[0000] 1. Calling kt_for - worker_bwt
[0000] read_chunk: 50000000, work_chunk_size: 0, nseq: 0
[0000] 2. Calling kt_for - worker_aln
[0000] Inferring insert size distribution of PE reads from data, l_pac: 4631469, n: 167564
[0000][PE] # candidate unique pairs for (FF, FR, RF, RR): (4, 81128, 0, 3)
[0000][PE] skip orientation FF as there are not enough pairs
[0000][PE] analyzing insert size distribution for orientation FR...
[0000][PE] (25, 50, 75) percentile: (159, 342, 577)
[0000][PE] low and high boundaries for computing mean and std.dev: (1, 1413)
[0000][PE] mean and std.dev: (384.59, 248.86)
[0000][PE] low and high boundaries for proper pairs: (1, 1831)
[0000][PE] skip orientation RF as there are not enough pairs
[0000][PE] skip orientation RR as there are not enough pairs
[0000] 3. Calling kt_for - worker_sam
	[0000][ M::mem_process_seqs] Processed 167564 reads in 8.426 CPU sec, 1.952 real sec
[0000] read_chunk: 50000000, work_chunk_size: 0, nseq: 0
[0000] Computation ends..
No. of OMP threads: 5
Processor is running @2300.220149 MHz
Runtime profile:

	Time taken for main_mem function: 52.64 sec

	IO times (sec) :
	Reading IO time (reads) avg: 12.24, (12.24, 12.24)
	Writing IO time (SAM) avg: 20.53, (20.53, 20.53)
	Reading IO time (Reference Genome) avg: 0.12, (0.12, 0.12)
	Index read time avg: 0.19, (0.19, 0.19)

	Overall time (sec) (Excluding Index reading time):
	PROCESS() (Total compute time + (read + SAM) IO time) : 52.31
	MEM_PROCESS_SEQ() (Total compute time (Kernel + SAM)), avg: 41.70, (41.70, 41.70)

	 SAM Processing time (sec):
	--WORKER_SAM avg: 4.98, (4.98, 4.98)

	Kernels' compute time (sec):
	Total kernel (smem+sal+bsw) time avg: 35.90, (35.90, 35.90)
		SMEM compute avg: 12.38, (12.69, 12.12)
		SAL compute avg: 3.01, (3.26, 2.89)
				MEM_SA avg: 2.06, (2.11, 1.97)

		BSW time, avg: 19.11, (19.29, 18.85)

Important parameter settings: 
	BATCH_SIZE: 512
	MAX_SEQ_LEN_REF: 256
	MAX_SEQ_LEN_QER: 128
	MAX_SEQ_LEN8: 128
	SEEDS_PER_READ: 500
	SIMD_WIDTH8 X: 32
	SIMD_WIDTH16 X: 16
	AVG_SEEDS_PER_READ: 64
samblaster: Marked 49248 of 1666972 (2.95%) read ids as duplicates using 36676k memory in 3.025S CPU seconds and 54S wall time.
[bam_sort_core] merging from 1 files and 1 in-memory blocks...
