Looking to launch executable "/isg/shared/apps/bwa-mem2/2.2.1/bwa-mem2-2.2.1_x64-linux/bwa-mem2.avx", simd = .avx
samblaster: Version 0.1.24
Launching executable "/isg/shared/apps/bwa-mem2/2.2.1/bwa-mem2-2.2.1_x64-linux/bwa-mem2.avx"
samblaster: Inputting from stdin
samblaster: Outputting to stdout
-----------------------------
Executing in AVX mode!!
-----------------------------
* SA compression enabled with xfactor: 8
* Ref file: ../../results/03_variantcalling/01_index_genome/GCF_000750555
* Entering FMI_search
* Index file found. Loading index from ../../results/03_variantcalling/01_index_genome/GCF_000750555.bwt.2bit.64
* Reference seq len for bi-index = 9262939
* sentinel-index: 1460155
* Count:
0,	1
1,	2279670
2,	4631470
3,	6983270
4,	9262939

* Reading other elements of the index from files ../../results/03_variantcalling/01_index_genome/GCF_000750555
* Index prefix: ../../results/03_variantcalling/01_index_genome/GCF_000750555
* Read 0 ALT contigs
* Done reading Index!!
* Reading reference genome..
* Binary seq file = ../../results/03_variantcalling/01_index_genome/GCF_000750555.0123
* Reference genome size: 9262938 bp
* Done reading reference genome !!

------------------------------------------
1. Memory pre-allocation for Chaining: 696.7080 MB
2. Memory pre-allocation for BSW: 1198.0851 MB
3. Memory pre-allocation for BWT: 386.5709 MB
------------------------------------------
* Threads used (compute): 5
* No. of pipeline threads: 2

[0000] read_chunk: 50000000, work_chunk_size: 50000466, nseq: 269436
	[0000][ M::kt_pipeline] read 269436 sequences (50000466 bp)...
[0000] Calling mem_process_seqs.., task: 0
[0000] 1. Calling kt_for - worker_bwt
[0000] read_chunk: 50000000, work_chunk_size: 50000397, nseq: 269082
	[0000][ M::kt_pipeline] read 269082 sequences (50000397 bp)...
[0000] 2. Calling kt_for - worker_aln
[0000] Inferring insert size distribution of PE reads from data, l_pac: 4631469, n: 269436
[0000][PE] # candidate unique pairs for (FF, FR, RF, RR): (18, 130536, 0, 14)
[0000][PE] analyzing insert size distribution for orientation FF...
[0000][PE] (25, 50, 75) percentile: (615, 1366, 1849)
[0000][PE] low and high boundaries for computing mean and std.dev: (1, 4317)
[0000][PE] mean and std.dev: (1173.47, 745.81)
[0000][PE] low and high boundaries for proper pairs: (1, 5551)
[0000][PE] analyzing insert size distribution for orientation FR...
[0000][PE] (25, 50, 75) percentile: (161, 354, 611)
[0000][PE] low and high boundaries for computing mean and std.dev: (1, 1511)
[0000][PE] mean and std.dev: (399.23, 259.65)
[0000][PE] low and high boundaries for proper pairs: (1, 1961)
[0000][PE] skip orientation RF as there are not enough pairs
[0000][PE] analyzing insert size distribution for orientation RR...
[0000][PE] (25, 50, 75) percentile: (367, 818, 1718)
[0000][PE] low and high boundaries for computing mean and std.dev: (1, 4420)
[0000][PE] mean and std.dev: (1031.93, 688.82)
[0000][PE] low and high boundaries for proper pairs: (1, 5771)
[0000][PE] skip orientation FF
[0000][PE] skip orientation RR
[0000] 3. Calling kt_for - worker_sam
	[0000][ M::mem_process_seqs] Processed 269436 reads in 23.244 CPU sec, 4.441 real sec
[0000] Calling mem_process_seqs.., task: 1
[0000] 1. Calling kt_for - worker_bwt
samblaster: Loaded 1 header sequence entries.
[0000] 2. Calling kt_for - worker_aln
[0000] read_chunk: 50000000, work_chunk_size: 50000067, nseq: 269070
	[0000][ M::kt_pipeline] read 269070 sequences (50000067 bp)...
[0000] Inferring insert size distribution of PE reads from data, l_pac: 4631469, n: 269082
[0000][PE] # candidate unique pairs for (FF, FR, RF, RR): (18, 130341, 1, 15)
[0000][PE] analyzing insert size distribution for orientation FF...
[0000][PE] (25, 50, 75) percentile: (416, 910, 1972)
[0000][PE] low and high boundaries for computing mean and std.dev: (1, 5084)
[0000][PE] mean and std.dev: (1158.72, 820.14)
[0000][PE] low and high boundaries for proper pairs: (1, 6640)
[0000][PE] analyzing insert size distribution for orientation FR...
[0000][PE] (25, 50, 75) percentile: (161, 355, 613)
[0000][PE] low and high boundaries for computing mean and std.dev: (1, 1517)
[0000][PE] mean and std.dev: (400.60, 260.79)
[0000][PE] low and high boundaries for proper pairs: (1, 1969)
[0000][PE] skip orientation RF as there are not enough pairs
[0000][PE] analyzing insert size distribution for orientation RR...
[0000][PE] (25, 50, 75) percentile: (701, 1035, 2030)
[0000][PE] low and high boundaries for computing mean and std.dev: (1, 4688)
[0000][PE] mean and std.dev: (1199.73, 773.42)
[0000][PE] low and high boundaries for proper pairs: (1, 6017)
[0000][PE] skip orientation FF
[0000][PE] skip orientation RR
[0000] 3. Calling kt_for - worker_sam
	[0000][ M::mem_process_seqs] Processed 269082 reads in 24.353 CPU sec, 4.741 real sec
[0000] Calling mem_process_seqs.., task: 2
[0000] 1. Calling kt_for - worker_bwt
[0000] 2. Calling kt_for - worker_aln
[0000] read_chunk: 50000000, work_chunk_size: 50000372, nseq: 267796
	[0000][ M::kt_pipeline] read 267796 sequences (50000372 bp)...
[0000] Inferring insert size distribution of PE reads from data, l_pac: 4631469, n: 269070
[0000][PE] # candidate unique pairs for (FF, FR, RF, RR): (22, 130342, 2, 19)
[0000][PE] analyzing insert size distribution for orientation FF...
[0000][PE] (25, 50, 75) percentile: (435, 1219, 1848)
[0000][PE] low and high boundaries for computing mean and std.dev: (1, 4674)
[0000][PE] mean and std.dev: (1155.14, 783.34)
[0000][PE] low and high boundaries for proper pairs: (1, 6087)
[0000][PE] analyzing insert size distribution for orientation FR...
[0000][PE] (25, 50, 75) percentile: (163, 358, 619)
[0000][PE] low and high boundaries for computing mean and std.dev: (1, 1531)
[0000][PE] mean and std.dev: (404.39, 262.55)
[0000][PE] low and high boundaries for proper pairs: (1, 1987)
[0000][PE] skip orientation RF as there are not enough pairs
[0000][PE] analyzing insert size distribution for orientation RR...
[0000][PE] (25, 50, 75) percentile: (404, 1189, 1718)
[0000][PE] low and high boundaries for computing mean and std.dev: (1, 4346)
[0000][PE] mean and std.dev: (1056.42, 664.97)
[0000][PE] low and high boundaries for proper pairs: (1, 5660)
[0000][PE] skip orientation FF
[0000][PE] skip orientation RR
[0000] 3. Calling kt_for - worker_sam
	[0000][ M::mem_process_seqs] Processed 269070 reads in 24.676 CPU sec, 4.799 real sec
[0000] Calling mem_process_seqs.., task: 3
[0000] 1. Calling kt_for - worker_bwt
[0000] 2. Calling kt_for - worker_aln
[0000] read_chunk: 50000000, work_chunk_size: 50000403, nseq: 268282
	[0000][ M::kt_pipeline] read 268282 sequences (50000403 bp)...
[0000] Inferring insert size distribution of PE reads from data, l_pac: 4631469, n: 267796
[0000][PE] # candidate unique pairs for (FF, FR, RF, RR): (21, 129590, 0, 16)
[0000][PE] analyzing insert size distribution for orientation FF...
[0000][PE] (25, 50, 75) percentile: (428, 605, 1509)
[0000][PE] low and high boundaries for computing mean and std.dev: (1, 3671)
[0000][PE] mean and std.dev: (857.33, 658.63)
[0000][PE] low and high boundaries for proper pairs: (1, 4752)
[0000][PE] analyzing insert size distribution for orientation FR...
[0000][PE] (25, 50, 75) percentile: (162, 355, 614)
[0000][PE] low and high boundaries for computing mean and std.dev: (1, 1518)
[0000][PE] mean and std.dev: (401.16, 260.70)
[0000][PE] low and high boundaries for proper pairs: (1, 1970)
[0000][PE] skip orientation RF as there are not enough pairs
[0000][PE] analyzing insert size distribution for orientation RR...
[0000][PE] (25, 50, 75) percentile: (404, 1205, 1668)
[0000][PE] low and high boundaries for computing mean and std.dev: (1, 4196)
[0000][PE] mean and std.dev: (1010.25, 700.30)
[0000][PE] low and high boundaries for proper pairs: (1, 5460)
[0000][PE] skip orientation FF
[0000][PE] skip orientation RR
[0000] 3. Calling kt_for - worker_sam
	[0000][ M::mem_process_seqs] Processed 267796 reads in 24.024 CPU sec, 4.688 real sec
[0000] Calling mem_process_seqs.., task: 4
[0000] 1. Calling kt_for - worker_bwt
[0000] 2. Calling kt_for - worker_aln
[0000] read_chunk: 50000000, work_chunk_size: 47274181, nseq: 254120
	[0000][ M::kt_pipeline] read 254120 sequences (47274181 bp)...
[0000] Inferring insert size distribution of PE reads from data, l_pac: 4631469, n: 268282
[0000][PE] # candidate unique pairs for (FF, FR, RF, RR): (22, 129959, 0, 19)
[0000][PE] analyzing insert size distribution for orientation FF...
[0000][PE] (25, 50, 75) percentile: (452, 826, 1459)
[0000][PE] low and high boundaries for computing mean and std.dev: (1, 3473)
[0000][PE] mean and std.dev: (970.95, 529.62)
[0000][PE] low and high boundaries for proper pairs: (1, 4480)
[0000][PE] analyzing insert size distribution for orientation FR...
[0000][PE] (25, 50, 75) percentile: (161, 358, 616)
[0000][PE] low and high boundaries for computing mean and std.dev: (1, 1526)
[0000][PE] mean and std.dev: (402.79, 262.25)
[0000][PE] low and high boundaries for proper pairs: (1, 1981)
[0000][PE] skip orientation RF as there are not enough pairs
[0000][PE] analyzing insert size distribution for orientation RR...
[0000][PE] (25, 50, 75) percentile: (423, 949, 1883)
[0000][PE] low and high boundaries for computing mean and std.dev: (1, 4803)
[0000][PE] mean and std.dev: (1270.74, 1199.73)
[0000][PE] low and high boundaries for proper pairs: (1, 6263)
[0000][PE] skip orientation FF
[0000][PE] skip orientation RR
[0000] 3. Calling kt_for - worker_sam
	[0000][ M::mem_process_seqs] Processed 268282 reads in 24.648 CPU sec, 4.757 real sec
[0000] Calling mem_process_seqs.., task: 5
[0000] 1. Calling kt_for - worker_bwt
[0000] 2. Calling kt_for - worker_aln
[0000] read_chunk: 50000000, work_chunk_size: 0, nseq: 0
[0000] Inferring insert size distribution of PE reads from data, l_pac: 4631469, n: 254120
[0000][PE] # candidate unique pairs for (FF, FR, RF, RR): (16, 122996, 0, 17)
[0000][PE] analyzing insert size distribution for orientation FF...
[0000][PE] (25, 50, 75) percentile: (559, 678, 1578)
[0000][PE] low and high boundaries for computing mean and std.dev: (1, 3616)
[0000][PE] mean and std.dev: (989.38, 572.81)
[0000][PE] low and high boundaries for proper pairs: (1, 4635)
[0000][PE] analyzing insert size distribution for orientation FR...
[0000][PE] (25, 50, 75) percentile: (161, 354, 614)
[0000][PE] low and high boundaries for computing mean and std.dev: (1, 1520)
[0000][PE] mean and std.dev: (400.95, 261.99)
[0000][PE] low and high boundaries for proper pairs: (1, 1973)
[0000][PE] skip orientation RF as there are not enough pairs
[0000][PE] analyzing insert size distribution for orientation RR...
[0000][PE] (25, 50, 75) percentile: (293, 1483, 1891)
[0000][PE] low and high boundaries for computing mean and std.dev: (1, 5087)
[0000][PE] mean and std.dev: (1185.00, 831.64)
[0000][PE] low and high boundaries for proper pairs: (1, 6685)
[0000][PE] skip orientation FF
[0000][PE] skip orientation RR
[0000] 3. Calling kt_for - worker_sam
	[0000][ M::mem_process_seqs] Processed 254120 reads in 22.199 CPU sec, 4.507 real sec
[0000] read_chunk: 50000000, work_chunk_size: 0, nseq: 0
[0000] Computation ends..
No. of OMP threads: 5
Processor is running @2200.118241 MHz
Runtime profile:

	Time taken for main_mem function: 30.73 sec

	IO times (sec) :
	Reading IO time (reads) avg: 8.45, (8.45, 8.45)
	Writing IO time (SAM) avg: 9.18, (9.18, 9.18)
	Reading IO time (Reference Genome) avg: 0.01, (0.01, 0.01)
	Index read time avg: 0.02, (0.02, 0.02)

	Overall time (sec) (Excluding Index reading time):
	PROCESS() (Total compute time + (read + SAM) IO time) : 30.60
	MEM_PROCESS_SEQ() (Total compute time (Kernel + SAM)), avg: 27.93, (27.93, 27.93)

	 SAM Processing time (sec):
	--WORKER_SAM avg: 2.45, (2.45, 2.45)

	Kernels' compute time (sec):
	Total kernel (smem+sal+bsw) time avg: 25.19, (25.19, 25.19)
		SMEM compute avg: 7.86, (7.88, 7.82)
		SAL compute avg: 1.46, (1.49, 1.45)
				MEM_SA avg: 1.05, (1.06, 1.04)

		BSW time, avg: 15.33, (15.35, 15.32)

Important parameter settings: 
	BATCH_SIZE: 512
	MAX_SEQ_LEN_REF: 256
	MAX_SEQ_LEN_QER: 128
	MAX_SEQ_LEN8: 128
	SEEDS_PER_READ: 500
	SIMD_WIDTH8 X: 16
	SIMD_WIDTH16 X: 8
	AVG_SEEDS_PER_READ: 64
samblaster: Marked 14151 of 798893 (1.77%) read ids as duplicates using 18536k memory in 1.835S CPU seconds and 32S wall time.
