01:49:07.617 INFO  NativeLibraryLoader - Loading libgkl_compression.so from jar:file:/gatk/gatk-package-4.3.0.0-local.jar!/com/intel/gkl/native/libgkl_compression.so
01:49:07.789 INFO  GenotypeGVCFs - ------------------------------------------------------------
01:49:07.789 INFO  GenotypeGVCFs - The Genome Analysis Toolkit (GATK) v4.3.0.0
01:49:07.789 INFO  GenotypeGVCFs - For support and documentation go to https://software.broadinstitute.org/gatk/
01:49:07.789 INFO  GenotypeGVCFs - Executing as mzingarella@xanadu-01 on Linux v3.10.0-1160.45.1.el7.x86_64 amd64
01:49:07.790 INFO  GenotypeGVCFs - Java runtime: OpenJDK 64-Bit Server VM v1.8.0_242-8u242-b08-0ubuntu3~18.04-b08
01:49:07.790 INFO  GenotypeGVCFs - Start Date/Time: April 22, 2026 1:49:07 AM GMT
01:49:07.790 INFO  GenotypeGVCFs - ------------------------------------------------------------
01:49:07.790 INFO  GenotypeGVCFs - ------------------------------------------------------------
01:49:07.790 INFO  GenotypeGVCFs - HTSJDK Version: 3.0.1
01:49:07.790 INFO  GenotypeGVCFs - Picard Version: 2.27.5
01:49:07.790 INFO  GenotypeGVCFs - Built for Spark Version: 2.4.5
01:49:07.790 INFO  GenotypeGVCFs - HTSJDK Defaults.COMPRESSION_LEVEL : 2
01:49:07.790 INFO  GenotypeGVCFs - HTSJDK Defaults.USE_ASYNC_IO_READ_FOR_SAMTOOLS : false
01:49:07.791 INFO  GenotypeGVCFs - HTSJDK Defaults.USE_ASYNC_IO_WRITE_FOR_SAMTOOLS : true
01:49:07.791 INFO  GenotypeGVCFs - HTSJDK Defaults.USE_ASYNC_IO_WRITE_FOR_TRIBBLE : false
01:49:07.791 INFO  GenotypeGVCFs - Deflater: IntelDeflater
01:49:07.791 INFO  GenotypeGVCFs - Inflater: IntelInflater
01:49:07.791 INFO  GenotypeGVCFs - GCS max retries/reopens: 20
01:49:07.791 INFO  GenotypeGVCFs - Requester pays: disabled
01:49:07.791 INFO  GenotypeGVCFs - Initializing engine
01:49:08.651 INFO  GenomicsDBLibLoader - GenomicsDB native library version : 1.4.3-6069e4a
21:49:08.767 info  NativeGenomicsDB - pid=523897 tid=523898 No valid combination operation found for INFO field InbreedingCoeff  - the field will NOT be part of INFO fields in the generated VCF records
21:49:08.767 info  NativeGenomicsDB - pid=523897 tid=523898 No valid combination operation found for INFO field MLEAC  - the field will NOT be part of INFO fields in the generated VCF records
21:49:08.767 info  NativeGenomicsDB - pid=523897 tid=523898 No valid combination operation found for INFO field MLEAF  - the field will NOT be part of INFO fields in the generated VCF records
01:49:08.844 INFO  GenotypeGVCFs - Done initializing engine
01:49:08.908 INFO  ProgressMeter - Starting traversal
01:49:08.908 INFO  ProgressMeter -        Current Locus  Elapsed Minutes    Variants Processed  Variants/Minute
01:49:09.639 WARN  InbreedingCoeff - InbreedingCoeff will not be calculated at position NZ_CP009273.1:337784 and possibly subsequent; at least 10 samples must have called genotypes
GENOMICSDB_TIMER,GenomicsDB iterator next() timer,Wall-clock time(s),0.09565828099999961,Cpu time(s),0.09366908200000017
01:49:10.100 INFO  ProgressMeter - NZ_CP009273.1:4200793              0.0                  6557         330050.3
01:49:10.100 INFO  ProgressMeter - Traversal complete. Processed 6557 total variants in 0.0 minutes.
01:49:10.112 INFO  GenotypeGVCFs - Shutting down engine
[April 22, 2026 1:49:10 AM GMT] org.broadinstitute.hellbender.tools.walkers.GenotypeGVCFs done. Elapsed time: 0.04 minutes.
Runtime.totalMemory()=2024275968
Using GATK jar /gatk/gatk-package-4.3.0.0-local.jar
Running:
    java -Dsamjdk.use_async_io_read_samtools=false -Dsamjdk.use_async_io_write_samtools=true -Dsamjdk.use_async_io_write_tribble=false -Dsamjdk.compression_level=2 -jar /gatk/gatk-package-4.3.0.0-local.jar GenotypeGVCFs -R ../../data/genome/GCF_000750555.1_ASM75055v1_genomic.fna -V gendb:///home/FCAM/mzingarella/isg5312/gitrepos/VariantCalling-DenovoAssembly-StudyReplication/results/03_variantcalling/06_genomics_db_import/ecoli_gdb -O ../../results/03_variantcalling/07_genotype_gvcfs/ecoli_8samples.raw.vcf.gz --tmp-dir ../../data/tmp
