01:45:07.427 INFO  NativeLibraryLoader - Loading libgkl_compression.so from jar:file:/gatk/gatk-package-4.3.0.0-local.jar!/com/intel/gkl/native/libgkl_compression.so
01:45:07.601 INFO  GenomicsDBImport - ------------------------------------------------------------
01:45:07.601 INFO  GenomicsDBImport - The Genome Analysis Toolkit (GATK) v4.3.0.0
01:45:07.601 INFO  GenomicsDBImport - For support and documentation go to https://software.broadinstitute.org/gatk/
01:45:07.601 INFO  GenomicsDBImport - Executing as mzingarella@xanadu-08 on Linux v3.10.0-1062.12.1.el7.x86_64 amd64
01:45:07.601 INFO  GenomicsDBImport - Java runtime: OpenJDK 64-Bit Server VM v1.8.0_242-8u242-b08-0ubuntu3~18.04-b08
01:45:07.601 INFO  GenomicsDBImport - Start Date/Time: April 22, 2026 1:45:07 AM GMT
01:45:07.601 INFO  GenomicsDBImport - ------------------------------------------------------------
01:45:07.602 INFO  GenomicsDBImport - ------------------------------------------------------------
01:45:07.602 INFO  GenomicsDBImport - HTSJDK Version: 3.0.1
01:45:07.602 INFO  GenomicsDBImport - Picard Version: 2.27.5
01:45:07.602 INFO  GenomicsDBImport - Built for Spark Version: 2.4.5
01:45:07.602 INFO  GenomicsDBImport - HTSJDK Defaults.COMPRESSION_LEVEL : 2
01:45:07.602 INFO  GenomicsDBImport - HTSJDK Defaults.USE_ASYNC_IO_READ_FOR_SAMTOOLS : false
01:45:07.602 INFO  GenomicsDBImport - HTSJDK Defaults.USE_ASYNC_IO_WRITE_FOR_SAMTOOLS : true
01:45:07.602 INFO  GenomicsDBImport - HTSJDK Defaults.USE_ASYNC_IO_WRITE_FOR_TRIBBLE : false
01:45:07.602 INFO  GenomicsDBImport - Deflater: IntelDeflater
01:45:07.602 INFO  GenomicsDBImport - Inflater: IntelInflater
01:45:07.602 INFO  GenomicsDBImport - GCS max retries/reopens: 20
01:45:07.603 INFO  GenomicsDBImport - Requester pays: disabled
01:45:07.603 INFO  GenomicsDBImport - Initializing engine
01:45:07.628 WARN  IntelInflater - Zero Bytes Written : 0
01:45:07.942 INFO  IntervalArgumentCollection - Processing 4631469 bp from intervals
01:45:07.943 INFO  GenomicsDBImport - Done initializing engine
01:45:08.445 INFO  GenomicsDBLibLoader - GenomicsDB native library version : 1.4.3-6069e4a
01:45:08.450 INFO  GenomicsDBImport - Vid Map JSON file will be written to /home/FCAM/mzingarella/isg5312/gitrepos/VariantCalling-DenovoAssembly-StudyReplication/scripts/03_variantcalling/../../results/03_variantcalling/06_genomics_db_import/ecoli_gdb/vidmap.json
01:45:08.450 INFO  GenomicsDBImport - Callset Map JSON file will be written to /home/FCAM/mzingarella/isg5312/gitrepos/VariantCalling-DenovoAssembly-StudyReplication/scripts/03_variantcalling/../../results/03_variantcalling/06_genomics_db_import/ecoli_gdb/callset.json
01:45:08.450 INFO  GenomicsDBImport - Complete VCF Header will be written to /home/FCAM/mzingarella/isg5312/gitrepos/VariantCalling-DenovoAssembly-StudyReplication/scripts/03_variantcalling/../../results/03_variantcalling/06_genomics_db_import/ecoli_gdb/vcfheader.vcf
01:45:08.450 INFO  GenomicsDBImport - Importing to workspace - /home/FCAM/mzingarella/isg5312/gitrepos/VariantCalling-DenovoAssembly-StudyReplication/scripts/03_variantcalling/../../results/03_variantcalling/06_genomics_db_import/ecoli_gdb
01:45:08.580 INFO  GenomicsDBImport - Starting batch input file preload
01:45:08.587 WARN  IntelInflater - Zero Bytes Written : 0
01:45:08.590 WARN  IntelInflater - Zero Bytes Written : 0
01:45:08.601 WARN  IntelInflater - Zero Bytes Written : 0
01:45:08.601 WARN  IntelInflater - Zero Bytes Written : 0
01:45:08.609 WARN  IntelInflater - Zero Bytes Written : 0
01:45:08.610 WARN  IntelInflater - Zero Bytes Written : 0
01:45:08.612 WARN  IntelInflater - Zero Bytes Written : 0
01:45:08.617 WARN  IntelInflater - Zero Bytes Written : 0
01:45:08.619 INFO  GenomicsDBImport - Finished batch preload
01:45:08.619 INFO  GenomicsDBImport - Importing batch 1 with 8 samples
01:45:09.475 INFO  GenomicsDBImport - Done importing batch 1/1
01:45:09.482 INFO  GenomicsDBImport - Import completed!
01:45:09.482 INFO  GenomicsDBImport - Shutting down engine
[April 22, 2026 1:45:09 AM GMT] org.broadinstitute.hellbender.tools.genomicsdb.GenomicsDBImport done. Elapsed time: 0.03 minutes.
Runtime.totalMemory()=2090860544
Using GATK jar /gatk/gatk-package-4.3.0.0-local.jar
Running:
    java -Dsamjdk.use_async_io_read_samtools=false -Dsamjdk.use_async_io_write_samtools=true -Dsamjdk.use_async_io_write_tribble=false -Dsamjdk.compression_level=2 -jar /gatk/gatk-package-4.3.0.0-local.jar GenomicsDBImport --sample-name-map ../../results/03_variantcalling/06_genomics_db_import/cohort.sample_map --genomicsdb-workspace-path ../../results/03_variantcalling/06_genomics_db_import/ecoli_gdb -L ../../results/03_variantcalling/06_genomics_db_import/all_contigs.list --reader-threads 4 --tmp-dir ../../data/tmp
