01:18:36.152 INFO  NativeLibraryLoader - Loading libgkl_compression.so from jar:file:/gatk/gatk-package-4.3.0.0-local.jar!/com/intel/gkl/native/libgkl_compression.so
01:18:36.344 INFO  HaplotypeCaller - ------------------------------------------------------------
01:18:36.344 INFO  HaplotypeCaller - The Genome Analysis Toolkit (GATK) v4.3.0.0
01:18:36.344 INFO  HaplotypeCaller - For support and documentation go to https://software.broadinstitute.org/gatk/
01:18:36.344 INFO  HaplotypeCaller - Executing as mzingarella@xanadu-01 on Linux v3.10.0-1160.45.1.el7.x86_64 amd64
01:18:36.344 INFO  HaplotypeCaller - Java runtime: OpenJDK 64-Bit Server VM v1.8.0_242-8u242-b08-0ubuntu3~18.04-b08
01:18:36.344 INFO  HaplotypeCaller - Start Date/Time: April 22, 2026 1:18:36 AM GMT
01:18:36.344 INFO  HaplotypeCaller - ------------------------------------------------------------
01:18:36.344 INFO  HaplotypeCaller - ------------------------------------------------------------
01:18:36.345 INFO  HaplotypeCaller - HTSJDK Version: 3.0.1
01:18:36.345 INFO  HaplotypeCaller - Picard Version: 2.27.5
01:18:36.345 INFO  HaplotypeCaller - Built for Spark Version: 2.4.5
01:18:36.345 INFO  HaplotypeCaller - HTSJDK Defaults.COMPRESSION_LEVEL : 2
01:18:36.345 INFO  HaplotypeCaller - HTSJDK Defaults.USE_ASYNC_IO_READ_FOR_SAMTOOLS : false
01:18:36.345 INFO  HaplotypeCaller - HTSJDK Defaults.USE_ASYNC_IO_WRITE_FOR_SAMTOOLS : true
01:18:36.345 INFO  HaplotypeCaller - HTSJDK Defaults.USE_ASYNC_IO_WRITE_FOR_TRIBBLE : false
01:18:36.345 INFO  HaplotypeCaller - Deflater: IntelDeflater
01:18:36.345 INFO  HaplotypeCaller - Inflater: IntelInflater
01:18:36.345 INFO  HaplotypeCaller - GCS max retries/reopens: 20
01:18:36.345 INFO  HaplotypeCaller - Requester pays: disabled
01:18:36.346 INFO  HaplotypeCaller - Initializing engine
01:18:36.683 INFO  HaplotypeCaller - Done initializing engine
01:18:36.684 INFO  HaplotypeCallerEngine - Tool is in reference confidence mode and the annotation, the following changes will be made to any specified annotations: 'StrandBiasBySample' will be enabled. 'ChromosomeCounts', 'FisherStrand', 'StrandOddsRatio' and 'QualByDepth' annotations have been disabled
01:18:36.691 INFO  HaplotypeCallerEngine - Currently, physical phasing is only available for diploid samples.
01:18:36.691 INFO  HaplotypeCallerEngine - Standard Emitting and Calling confidence set to -0.0 for reference-model confidence output
01:18:36.691 INFO  HaplotypeCallerEngine - All sites annotated with PLs forced to true for reference-model confidence output
01:18:36.704 INFO  NativeLibraryLoader - Loading libgkl_utils.so from jar:file:/gatk/gatk-package-4.3.0.0-local.jar!/com/intel/gkl/native/libgkl_utils.so
01:18:36.723 INFO  NativeLibraryLoader - Loading libgkl_pairhmm_omp.so from jar:file:/gatk/gatk-package-4.3.0.0-local.jar!/com/intel/gkl/native/libgkl_pairhmm_omp.so
01:18:36.758 INFO  IntelPairHmm - Flush-to-zero (FTZ) is enabled when running PairHMM
01:18:36.759 INFO  IntelPairHmm - Available threads: 4
01:18:36.759 INFO  IntelPairHmm - Requested threads: 4
01:18:36.759 INFO  PairHMM - Using the OpenMP multi-threaded AVX-accelerated native PairHMM implementation
01:18:36.800 INFO  ProgressMeter - Starting traversal
01:18:36.800 INFO  ProgressMeter -        Current Locus  Elapsed Minutes     Regions Processed   Regions/Minute
01:18:46.866 INFO  ProgressMeter - NZ_CP009273.1:191452              0.2                   640           3814.8
01:18:56.902 INFO  ProgressMeter - NZ_CP009273.1:457537              0.3                  1530           4566.7
01:19:02.167 WARN  InbreedingCoeff - InbreedingCoeff will not be calculated at position NZ_CP009273.1:608104 and possibly subsequent; at least 10 samples must have called genotypes
01:19:06.991 INFO  ProgressMeter - NZ_CP009273.1:747757              0.5                  2500           4968.4
01:19:17.035 INFO  ProgressMeter - NZ_CP009273.1:1029757              0.7                  3440           5129.9
01:19:27.040 INFO  ProgressMeter - NZ_CP009273.1:1314025              0.8                  4390           5242.9
01:19:37.142 INFO  ProgressMeter - NZ_CP009273.1:1623025              1.0                  5420           5389.3
01:19:47.215 INFO  ProgressMeter - NZ_CP009273.1:1929025              1.2                  6440           5487.5
01:19:57.236 INFO  ProgressMeter - NZ_CP009273.1:2235025              1.3                  7460           5564.7
01:20:07.294 INFO  ProgressMeter - NZ_CP009273.1:2538025              1.5                  8470           5615.8
01:20:17.373 INFO  ProgressMeter - NZ_CP009273.1:2829025              1.7                  9440           5631.7
01:20:27.441 INFO  ProgressMeter - NZ_CP009273.1:3125752              1.8                 10430           5656.1
01:20:37.502 INFO  ProgressMeter - NZ_CP009273.1:3410752              2.0                 11380           5657.0
01:20:47.577 INFO  ProgressMeter - NZ_CP009273.1:3701501              2.2                 12350           5666.1
01:20:57.599 INFO  ProgressMeter - NZ_CP009273.1:3980054              2.3                 13280           5659.1
01:21:07.702 INFO  ProgressMeter - NZ_CP009273.1:4276560              2.5                 14270           5673.9
01:21:17.714 INFO  ProgressMeter - NZ_CP009273.1:4560758              2.7                 15220           5675.1
01:21:20.070 INFO  HaplotypeCaller - 53624 read(s) filtered by: MappingQualityReadFilter 
0 read(s) filtered by: MappingQualityAvailableReadFilter 
0 read(s) filtered by: MappedReadFilter 
0 read(s) filtered by: NotSecondaryAlignmentReadFilter 
97694 read(s) filtered by: NotDuplicateReadFilter 
0 read(s) filtered by: PassesVendorQualityCheckReadFilter 
0 read(s) filtered by: NonZeroReferenceLengthAlignmentReadFilter 
0 read(s) filtered by: GoodCigarReadFilter 
0 read(s) filtered by: WellformedReadFilter 
151318 total reads filtered
01:21:20.070 INFO  ProgressMeter - NZ_CP009273.1:4629758              2.7                 15456           5679.9
01:21:20.070 INFO  ProgressMeter - Traversal complete. Processed 15456 total regions in 2.7 minutes.
01:21:20.092 INFO  VectorLoglessPairHMM - Time spent in setup for JNI call : 0.003051035
01:21:20.092 INFO  PairHMM - Total compute time in PairHMM computeLogLikelihoods() : 0.057932696000000006
01:21:20.092 INFO  SmithWatermanAligner - Total compute time in java Smith-Waterman : 0.04 sec
01:21:20.093 INFO  HaplotypeCaller - Shutting down engine
[April 22, 2026 1:21:20 AM GMT] org.broadinstitute.hellbender.tools.walkers.haplotypecaller.HaplotypeCaller done. Elapsed time: 2.73 minutes.
Runtime.totalMemory()=2139095040
Using GATK jar /gatk/gatk-package-4.3.0.0-local.jar
Running:
    java -Dsamjdk.use_async_io_read_samtools=false -Dsamjdk.use_async_io_write_samtools=true -Dsamjdk.use_async_io_write_tribble=false -Dsamjdk.compression_level=2 -jar /gatk/gatk-package-4.3.0.0-local.jar HaplotypeCaller -R ../../data/genome/GCF_000750555.1_ASM75055v1_genomic.fna -I ../../results/03_variantcalling/04_mark_duplicates/SRR25084096.markdup.bam -O ../../results/03_variantcalling/05_haplotype_caller/SRR25084096.g.vcf.gz -ERC GVCF --sample-ploidy 1 --native-pair-hmm-threads 4 --tmp-dir ../../data/tmp
