01:18:37.463 INFO  NativeLibraryLoader - Loading libgkl_compression.so from jar:file:/gatk/gatk-package-4.3.0.0-local.jar!/com/intel/gkl/native/libgkl_compression.so
01:18:37.673 INFO  HaplotypeCaller - ------------------------------------------------------------
01:18:37.673 INFO  HaplotypeCaller - The Genome Analysis Toolkit (GATK) v4.3.0.0
01:18:37.673 INFO  HaplotypeCaller - For support and documentation go to https://software.broadinstitute.org/gatk/
01:18:37.673 INFO  HaplotypeCaller - Executing as mzingarella@xanadu-04 on Linux v3.10.0-1160.45.1.el7.x86_64 amd64
01:18:37.674 INFO  HaplotypeCaller - Java runtime: OpenJDK 64-Bit Server VM v1.8.0_242-8u242-b08-0ubuntu3~18.04-b08
01:18:37.674 INFO  HaplotypeCaller - Start Date/Time: April 22, 2026 1:18:37 AM GMT
01:18:37.674 INFO  HaplotypeCaller - ------------------------------------------------------------
01:18:37.674 INFO  HaplotypeCaller - ------------------------------------------------------------
01:18:37.674 INFO  HaplotypeCaller - HTSJDK Version: 3.0.1
01:18:37.674 INFO  HaplotypeCaller - Picard Version: 2.27.5
01:18:37.674 INFO  HaplotypeCaller - Built for Spark Version: 2.4.5
01:18:37.674 INFO  HaplotypeCaller - HTSJDK Defaults.COMPRESSION_LEVEL : 2
01:18:37.675 INFO  HaplotypeCaller - HTSJDK Defaults.USE_ASYNC_IO_READ_FOR_SAMTOOLS : false
01:18:37.675 INFO  HaplotypeCaller - HTSJDK Defaults.USE_ASYNC_IO_WRITE_FOR_SAMTOOLS : true
01:18:37.675 INFO  HaplotypeCaller - HTSJDK Defaults.USE_ASYNC_IO_WRITE_FOR_TRIBBLE : false
01:18:37.675 INFO  HaplotypeCaller - Deflater: IntelDeflater
01:18:37.675 INFO  HaplotypeCaller - Inflater: IntelInflater
01:18:37.675 INFO  HaplotypeCaller - GCS max retries/reopens: 20
01:18:37.675 INFO  HaplotypeCaller - Requester pays: disabled
01:18:37.675 INFO  HaplotypeCaller - Initializing engine
01:18:38.073 INFO  HaplotypeCaller - Done initializing engine
01:18:38.074 INFO  HaplotypeCallerEngine - Tool is in reference confidence mode and the annotation, the following changes will be made to any specified annotations: 'StrandBiasBySample' will be enabled. 'ChromosomeCounts', 'FisherStrand', 'StrandOddsRatio' and 'QualByDepth' annotations have been disabled
01:18:38.082 INFO  HaplotypeCallerEngine - Currently, physical phasing is only available for diploid samples.
01:18:38.082 INFO  HaplotypeCallerEngine - Standard Emitting and Calling confidence set to -0.0 for reference-model confidence output
01:18:38.082 INFO  HaplotypeCallerEngine - All sites annotated with PLs forced to true for reference-model confidence output
01:18:38.096 INFO  NativeLibraryLoader - Loading libgkl_utils.so from jar:file:/gatk/gatk-package-4.3.0.0-local.jar!/com/intel/gkl/native/libgkl_utils.so
01:18:38.116 INFO  NativeLibraryLoader - Loading libgkl_pairhmm_omp.so from jar:file:/gatk/gatk-package-4.3.0.0-local.jar!/com/intel/gkl/native/libgkl_pairhmm_omp.so
01:18:38.155 INFO  IntelPairHmm - Flush-to-zero (FTZ) is enabled when running PairHMM
01:18:38.156 INFO  IntelPairHmm - Available threads: 4
01:18:38.156 INFO  IntelPairHmm - Requested threads: 4
01:18:38.156 INFO  PairHMM - Using the OpenMP multi-threaded AVX-accelerated native PairHMM implementation
01:18:38.189 INFO  ProgressMeter - Starting traversal
01:18:38.189 INFO  ProgressMeter -        Current Locus  Elapsed Minutes     Regions Processed   Regions/Minute
01:18:48.225 INFO  ProgressMeter - NZ_CP009273.1:409237              0.2                  1370           8191.3
01:18:58.240 INFO  ProgressMeter - NZ_CP009273.1:1071770              0.3                  3580          10713.2
01:19:06.818 WARN  InbreedingCoeff - InbreedingCoeff will not be calculated at position NZ_CP009273.1:1641139 and possibly subsequent; at least 10 samples must have called genotypes
01:19:08.264 INFO  ProgressMeter - NZ_CP009273.1:1742277              0.5                  5820          11611.4
01:19:18.287 INFO  ProgressMeter - NZ_CP009273.1:2440398              0.7                  8150          12195.4
01:19:28.303 INFO  ProgressMeter - NZ_CP009273.1:3126952              0.8                 10440          12499.8
01:19:38.341 INFO  ProgressMeter - NZ_CP009273.1:3798254              1.0                 12680          12648.0
01:19:48.356 INFO  ProgressMeter - NZ_CP009273.1:4470027              1.2                 14920          12758.1
01:19:51.079 INFO  HaplotypeCaller - 18430 read(s) filtered by: MappingQualityReadFilter 
0 read(s) filtered by: MappingQualityAvailableReadFilter 
0 read(s) filtered by: MappedReadFilter 
0 read(s) filtered by: NotSecondaryAlignmentReadFilter 
25292 read(s) filtered by: NotDuplicateReadFilter 
0 read(s) filtered by: PassesVendorQualityCheckReadFilter 
0 read(s) filtered by: NonZeroReferenceLengthAlignmentReadFilter 
0 read(s) filtered by: GoodCigarReadFilter 
0 read(s) filtered by: WellformedReadFilter 
43722 total reads filtered
01:19:51.079 INFO  ProgressMeter - NZ_CP009273.1:4631250              1.2                 15461          12726.8
01:19:51.080 INFO  ProgressMeter - Traversal complete. Processed 15461 total regions in 1.2 minutes.
01:19:51.100 INFO  VectorLoglessPairHMM - Time spent in setup for JNI call : 0.0024741520000000003
01:19:51.100 INFO  PairHMM - Total compute time in PairHMM computeLogLikelihoods() : 0.08103882500000001
01:19:51.101 INFO  SmithWatermanAligner - Total compute time in java Smith-Waterman : 0.08 sec
01:19:51.102 INFO  HaplotypeCaller - Shutting down engine
[April 22, 2026 1:19:51 AM GMT] org.broadinstitute.hellbender.tools.walkers.haplotypecaller.HaplotypeCaller done. Elapsed time: 1.23 minutes.
Runtime.totalMemory()=3428319232
Using GATK jar /gatk/gatk-package-4.3.0.0-local.jar
Running:
    java -Dsamjdk.use_async_io_read_samtools=false -Dsamjdk.use_async_io_write_samtools=true -Dsamjdk.use_async_io_write_tribble=false -Dsamjdk.compression_level=2 -jar /gatk/gatk-package-4.3.0.0-local.jar HaplotypeCaller -R ../../data/genome/GCF_000750555.1_ASM75055v1_genomic.fna -I ../../results/03_variantcalling/04_mark_duplicates/SRR25084099.markdup.bam -O ../../results/03_variantcalling/05_haplotype_caller/SRR25084099.g.vcf.gz -ERC GVCF --sample-ploidy 1 --native-pair-hmm-threads 4 --tmp-dir ../../data/tmp
