01:18:37.731 INFO  NativeLibraryLoader - Loading libgkl_compression.so from jar:file:/gatk/gatk-package-4.3.0.0-local.jar!/com/intel/gkl/native/libgkl_compression.so
01:18:37.908 INFO  HaplotypeCaller - ------------------------------------------------------------
01:18:37.909 INFO  HaplotypeCaller - The Genome Analysis Toolkit (GATK) v4.3.0.0
01:18:37.909 INFO  HaplotypeCaller - For support and documentation go to https://software.broadinstitute.org/gatk/
01:18:37.909 INFO  HaplotypeCaller - Executing as mzingarella@xanadu-04 on Linux v3.10.0-1160.45.1.el7.x86_64 amd64
01:18:37.909 INFO  HaplotypeCaller - Java runtime: OpenJDK 64-Bit Server VM v1.8.0_242-8u242-b08-0ubuntu3~18.04-b08
01:18:37.909 INFO  HaplotypeCaller - Start Date/Time: April 22, 2026 1:18:37 AM GMT
01:18:37.909 INFO  HaplotypeCaller - ------------------------------------------------------------
01:18:37.909 INFO  HaplotypeCaller - ------------------------------------------------------------
01:18:37.910 INFO  HaplotypeCaller - HTSJDK Version: 3.0.1
01:18:37.910 INFO  HaplotypeCaller - Picard Version: 2.27.5
01:18:37.910 INFO  HaplotypeCaller - Built for Spark Version: 2.4.5
01:18:37.910 INFO  HaplotypeCaller - HTSJDK Defaults.COMPRESSION_LEVEL : 2
01:18:37.910 INFO  HaplotypeCaller - HTSJDK Defaults.USE_ASYNC_IO_READ_FOR_SAMTOOLS : false
01:18:37.910 INFO  HaplotypeCaller - HTSJDK Defaults.USE_ASYNC_IO_WRITE_FOR_SAMTOOLS : true
01:18:37.910 INFO  HaplotypeCaller - HTSJDK Defaults.USE_ASYNC_IO_WRITE_FOR_TRIBBLE : false
01:18:37.910 INFO  HaplotypeCaller - Deflater: IntelDeflater
01:18:37.910 INFO  HaplotypeCaller - Inflater: IntelInflater
01:18:37.910 INFO  HaplotypeCaller - GCS max retries/reopens: 20
01:18:37.910 INFO  HaplotypeCaller - Requester pays: disabled
01:18:37.911 INFO  HaplotypeCaller - Initializing engine
01:18:38.321 INFO  HaplotypeCaller - Done initializing engine
01:18:38.323 INFO  HaplotypeCallerEngine - Tool is in reference confidence mode and the annotation, the following changes will be made to any specified annotations: 'StrandBiasBySample' will be enabled. 'ChromosomeCounts', 'FisherStrand', 'StrandOddsRatio' and 'QualByDepth' annotations have been disabled
01:18:38.331 INFO  HaplotypeCallerEngine - Currently, physical phasing is only available for diploid samples.
01:18:38.331 INFO  HaplotypeCallerEngine - Standard Emitting and Calling confidence set to -0.0 for reference-model confidence output
01:18:38.331 INFO  HaplotypeCallerEngine - All sites annotated with PLs forced to true for reference-model confidence output
01:18:38.346 INFO  NativeLibraryLoader - Loading libgkl_utils.so from jar:file:/gatk/gatk-package-4.3.0.0-local.jar!/com/intel/gkl/native/libgkl_utils.so
01:18:38.359 INFO  NativeLibraryLoader - Loading libgkl_pairhmm_omp.so from jar:file:/gatk/gatk-package-4.3.0.0-local.jar!/com/intel/gkl/native/libgkl_pairhmm_omp.so
01:18:38.401 INFO  IntelPairHmm - Flush-to-zero (FTZ) is enabled when running PairHMM
01:18:38.401 INFO  IntelPairHmm - Available threads: 4
01:18:38.401 INFO  IntelPairHmm - Requested threads: 4
01:18:38.401 INFO  PairHMM - Using the OpenMP multi-threaded AVX-accelerated native PairHMM implementation
01:18:38.447 INFO  ProgressMeter - Starting traversal
01:18:38.447 INFO  ProgressMeter -        Current Locus  Elapsed Minutes     Regions Processed   Regions/Minute
01:18:48.491 INFO  ProgressMeter - NZ_CP009273.1:441637              0.2                  1480           8842.9
01:18:58.512 INFO  ProgressMeter - NZ_CP009273.1:1079857              0.3                  3610          10795.5
01:19:08.520 INFO  ProgressMeter - NZ_CP009273.1:1747836              0.5                  5840          11652.0
01:19:18.557 INFO  ProgressMeter - NZ_CP009273.1:2431836              0.7                  8120          12146.9
01:19:28.076 WARN  InbreedingCoeff - InbreedingCoeff will not be calculated at position NZ_CP009273.1:3043814 and possibly subsequent; at least 10 samples must have called genotypes
01:19:28.602 INFO  ProgressMeter - NZ_CP009273.1:3075652              0.8                 10270          12286.2
01:19:38.626 INFO  ProgressMeter - NZ_CP009273.1:3720652              1.0                 12420          12383.5
01:19:48.643 INFO  ProgressMeter - NZ_CP009273.1:4359184              1.2                 14550          12436.8
01:19:53.069 INFO  HaplotypeCaller - 17737 read(s) filtered by: MappingQualityReadFilter 
0 read(s) filtered by: MappingQualityAvailableReadFilter 
0 read(s) filtered by: MappedReadFilter 
0 read(s) filtered by: NotSecondaryAlignmentReadFilter 
25288 read(s) filtered by: NotDuplicateReadFilter 
0 read(s) filtered by: PassesVendorQualityCheckReadFilter 
0 read(s) filtered by: NonZeroReferenceLengthAlignmentReadFilter 
0 read(s) filtered by: GoodCigarReadFilter 
0 read(s) filtered by: WellformedReadFilter 
43025 total reads filtered
01:19:53.070 INFO  ProgressMeter - NZ_CP009273.1:4631263              1.2                 15461          12431.5
01:19:53.070 INFO  ProgressMeter - Traversal complete. Processed 15461 total regions in 1.2 minutes.
01:19:53.080 INFO  VectorLoglessPairHMM - Time spent in setup for JNI call : 0.002660884
01:19:53.080 INFO  PairHMM - Total compute time in PairHMM computeLogLikelihoods() : 0.057085686000000004
01:19:53.080 INFO  SmithWatermanAligner - Total compute time in java Smith-Waterman : 0.05 sec
01:19:53.081 INFO  HaplotypeCaller - Shutting down engine
[April 22, 2026 1:19:53 AM GMT] org.broadinstitute.hellbender.tools.walkers.haplotypecaller.HaplotypeCaller done. Elapsed time: 1.26 minutes.
Runtime.totalMemory()=3008364544
Using GATK jar /gatk/gatk-package-4.3.0.0-local.jar
Running:
    java -Dsamjdk.use_async_io_read_samtools=false -Dsamjdk.use_async_io_write_samtools=true -Dsamjdk.use_async_io_write_tribble=false -Dsamjdk.compression_level=2 -jar /gatk/gatk-package-4.3.0.0-local.jar HaplotypeCaller -R ../../data/genome/GCF_000750555.1_ASM75055v1_genomic.fna -I ../../results/03_variantcalling/04_mark_duplicates/SRR25084098.markdup.bam -O ../../results/03_variantcalling/05_haplotype_caller/SRR25084098.g.vcf.gz -ERC GVCF --sample-ploidy 1 --native-pair-hmm-threads 4 --tmp-dir ../../data/tmp
