01:18:40.177 INFO  NativeLibraryLoader - Loading libgkl_compression.so from jar:file:/gatk/gatk-package-4.3.0.0-local.jar!/com/intel/gkl/native/libgkl_compression.so
01:18:40.530 INFO  HaplotypeCaller - ------------------------------------------------------------
01:18:40.531 INFO  HaplotypeCaller - The Genome Analysis Toolkit (GATK) v4.3.0.0
01:18:40.531 INFO  HaplotypeCaller - For support and documentation go to https://software.broadinstitute.org/gatk/
01:18:40.531 INFO  HaplotypeCaller - Executing as mzingarella@xanadu-10 on Linux v3.10.0-1160.45.1.el7.x86_64 amd64
01:18:40.531 INFO  HaplotypeCaller - Java runtime: OpenJDK 64-Bit Server VM v1.8.0_242-8u242-b08-0ubuntu3~18.04-b08
01:18:40.531 INFO  HaplotypeCaller - Start Date/Time: April 22, 2026 1:18:40 AM GMT
01:18:40.532 INFO  HaplotypeCaller - ------------------------------------------------------------
01:18:40.532 INFO  HaplotypeCaller - ------------------------------------------------------------
01:18:40.533 INFO  HaplotypeCaller - HTSJDK Version: 3.0.1
01:18:40.533 INFO  HaplotypeCaller - Picard Version: 2.27.5
01:18:40.533 INFO  HaplotypeCaller - Built for Spark Version: 2.4.5
01:18:40.533 INFO  HaplotypeCaller - HTSJDK Defaults.COMPRESSION_LEVEL : 2
01:18:40.534 INFO  HaplotypeCaller - HTSJDK Defaults.USE_ASYNC_IO_READ_FOR_SAMTOOLS : false
01:18:40.534 INFO  HaplotypeCaller - HTSJDK Defaults.USE_ASYNC_IO_WRITE_FOR_SAMTOOLS : true
01:18:40.534 INFO  HaplotypeCaller - HTSJDK Defaults.USE_ASYNC_IO_WRITE_FOR_TRIBBLE : false
01:18:40.534 INFO  HaplotypeCaller - Deflater: IntelDeflater
01:18:40.534 INFO  HaplotypeCaller - Inflater: IntelInflater
01:18:40.534 INFO  HaplotypeCaller - GCS max retries/reopens: 20
01:18:40.535 INFO  HaplotypeCaller - Requester pays: disabled
01:18:40.535 INFO  HaplotypeCaller - Initializing engine
01:18:41.383 INFO  HaplotypeCaller - Done initializing engine
01:18:41.387 INFO  HaplotypeCallerEngine - Tool is in reference confidence mode and the annotation, the following changes will be made to any specified annotations: 'StrandBiasBySample' will be enabled. 'ChromosomeCounts', 'FisherStrand', 'StrandOddsRatio' and 'QualByDepth' annotations have been disabled
01:18:41.402 INFO  HaplotypeCallerEngine - Currently, physical phasing is only available for diploid samples.
01:18:41.403 INFO  HaplotypeCallerEngine - Standard Emitting and Calling confidence set to -0.0 for reference-model confidence output
01:18:41.403 INFO  HaplotypeCallerEngine - All sites annotated with PLs forced to true for reference-model confidence output
01:18:41.435 INFO  NativeLibraryLoader - Loading libgkl_utils.so from jar:file:/gatk/gatk-package-4.3.0.0-local.jar!/com/intel/gkl/native/libgkl_utils.so
01:18:41.454 INFO  PairHMM - OpenMP multi-threaded AVX-accelerated native PairHMM implementation is not supported
01:18:41.454 WARN  PairHMM - ***WARNING: Machine does not have the AVX instruction set support needed for the accelerated AVX PairHmm. Falling back to the MUCH slower LOGLESS_CACHING implementation!
01:18:41.523 INFO  ProgressMeter - Starting traversal
01:18:41.524 INFO  ProgressMeter -        Current Locus  Elapsed Minutes     Regions Processed   Regions/Minute
01:18:51.603 INFO  ProgressMeter -  NZ_CP009273.1:50452              0.2                   170           1012.2
01:19:01.684 INFO  ProgressMeter - NZ_CP009273.1:146452              0.3                   490           1458.4
01:19:11.786 INFO  ProgressMeter - NZ_CP009273.1:242452              0.5                   810           1606.0
01:19:21.976 INFO  ProgressMeter - NZ_CP009273.1:344452              0.7                  1150           1705.8
01:19:32.095 INFO  ProgressMeter - NZ_CP009273.1:436111              0.8                  1460           1732.3
01:19:42.240 INFO  ProgressMeter - NZ_CP009273.1:541111              1.0                  1810           1788.7
01:19:52.273 INFO  ProgressMeter - NZ_CP009273.1:646111              1.2                  2160           1831.8
01:20:02.515 INFO  ProgressMeter - NZ_CP009273.1:751111              1.3                  2510           1859.5
01:20:12.669 INFO  ProgressMeter - NZ_CP009273.1:853111              1.5                  2850           1876.2
01:20:22.690 INFO  ProgressMeter - NZ_CP009273.1:958111              1.7                  3200           1897.9
01:20:32.912 INFO  ProgressMeter - NZ_CP009273.1:1060111              1.9                  3540           1906.8
01:20:43.125 INFO  ProgressMeter - NZ_CP009273.1:1168111              2.0                  3900           1924.3
01:20:53.344 INFO  ProgressMeter - NZ_CP009273.1:1269625              2.2                  4240           1929.9
01:21:03.484 INFO  ProgressMeter - NZ_CP009273.1:1377625              2.4                  4600           1944.2
01:21:13.726 INFO  ProgressMeter - NZ_CP009273.1:1473094              2.5                  4920           1939.5
01:21:24.003 INFO  ProgressMeter - NZ_CP009273.1:1581094              2.7                  5280           1949.8
01:21:29.710 WARN  InbreedingCoeff - InbreedingCoeff will not be calculated at position NZ_CP009273.1:1641139 and possibly subsequent; at least 10 samples must have called genotypes
01:21:34.243 INFO  ProgressMeter - NZ_CP009273.1:1688577              2.9                  5640           1959.3
01:21:44.363 INFO  ProgressMeter - NZ_CP009273.1:1793577              3.0                  5990           1965.7
01:21:54.525 INFO  ProgressMeter - NZ_CP009273.1:1901577              3.2                  6350           1974.1
01:22:04.617 INFO  ProgressMeter - NZ_CP009273.1:2012577              3.4                  6720           1985.3
01:22:14.745 INFO  ProgressMeter - NZ_CP009273.1:2123577              3.6                  7090           1995.1
01:22:25.053 INFO  ProgressMeter - NZ_CP009273.1:2234156              3.7                  7460           2002.4
01:22:35.144 INFO  ProgressMeter - NZ_CP009273.1:2338698              3.9                  7810           2005.8
01:22:45.158 INFO  ProgressMeter - NZ_CP009273.1:2440698              4.1                  8150           2007.1
01:22:55.173 INFO  ProgressMeter - NZ_CP009273.1:2545698              4.2                  8500           2010.7
01:23:05.255 INFO  ProgressMeter - NZ_CP009273.1:2653698              4.4                  8860           2015.7
01:23:15.345 INFO  ProgressMeter - NZ_CP009273.1:2758698              4.6                  9210           2018.1
01:23:25.487 INFO  ProgressMeter - NZ_CP009273.1:2866698              4.7                  9570           2022.1
01:23:35.603 INFO  ProgressMeter - NZ_CP009273.1:2971698              4.9                  9920           2023.9
01:23:45.629 INFO  ProgressMeter - NZ_CP009273.1:3073252              5.1                 10260           2024.3
01:23:55.885 INFO  ProgressMeter - NZ_CP009273.1:3178252              5.2                 10610           2025.1
01:24:05.964 INFO  ProgressMeter - NZ_CP009273.1:3286252              5.4                 10970           2028.7
01:24:16.241 INFO  ProgressMeter - NZ_CP009273.1:3388252              5.6                 11310           2027.4
01:24:26.403 INFO  ProgressMeter - NZ_CP009273.1:3490252              5.7                 11650           2026.8
01:24:36.664 INFO  ProgressMeter - NZ_CP009273.1:3595252              5.9                 12000           2027.4
01:24:46.944 INFO  ProgressMeter - NZ_CP009273.1:3702765              6.1                 12360           2029.4
01:24:57.028 INFO  ProgressMeter - NZ_CP009273.1:3810254              6.3                 12720           2032.5
01:25:07.113 INFO  ProgressMeter - NZ_CP009273.1:3912254              6.4                 13060           2032.2
01:25:17.355 INFO  ProgressMeter - NZ_CP009273.1:4014254              6.6                 13400           2031.2
01:25:27.521 INFO  ProgressMeter - NZ_CP009273.1:4119254              6.8                 13750           2032.0
01:25:37.770 INFO  ProgressMeter - NZ_CP009273.1:4227254              6.9                 14110           2033.9
01:25:48.086 INFO  ProgressMeter - NZ_CP009273.1:4335254              7.1                 14470           2035.3
01:25:58.191 INFO  ProgressMeter - NZ_CP009273.1:4434254              7.3                 14800           2033.6
01:26:08.271 INFO  ProgressMeter - NZ_CP009273.1:4535933              7.4                 15140           2033.4
01:26:17.392 INFO  HaplotypeCaller - 45908 read(s) filtered by: MappingQualityReadFilter 
0 read(s) filtered by: MappingQualityAvailableReadFilter 
0 read(s) filtered by: MappedReadFilter 
0 read(s) filtered by: NotSecondaryAlignmentReadFilter 
92539 read(s) filtered by: NotDuplicateReadFilter 
0 read(s) filtered by: PassesVendorQualityCheckReadFilter 
0 read(s) filtered by: NonZeroReferenceLengthAlignmentReadFilter 
0 read(s) filtered by: GoodCigarReadFilter 
0 read(s) filtered by: WellformedReadFilter 
138447 total reads filtered
01:26:17.393 INFO  ProgressMeter - NZ_CP009273.1:4628933              7.6                 15459           2034.7
01:26:17.393 INFO  ProgressMeter - Traversal complete. Processed 15459 total regions in 7.6 minutes.
01:26:17.414 INFO  PairHMM - Total compute time in PairHMM computeLogLikelihoods() : 0.736135214
01:26:17.414 INFO  SmithWatermanAligner - Total compute time in java Smith-Waterman : 0.91 sec
01:26:17.416 INFO  HaplotypeCaller - Shutting down engine
[April 22, 2026 1:26:17 AM GMT] org.broadinstitute.hellbender.tools.walkers.haplotypecaller.HaplotypeCaller done. Elapsed time: 7.62 minutes.
Runtime.totalMemory()=1895825408
Using GATK jar /gatk/gatk-package-4.3.0.0-local.jar
Running:
    java -Dsamjdk.use_async_io_read_samtools=false -Dsamjdk.use_async_io_write_samtools=true -Dsamjdk.use_async_io_write_tribble=false -Dsamjdk.compression_level=2 -jar /gatk/gatk-package-4.3.0.0-local.jar HaplotypeCaller -R ../../data/genome/GCF_000750555.1_ASM75055v1_genomic.fna -I ../../results/03_variantcalling/04_mark_duplicates/SRR25084101.markdup.bam -O ../../results/03_variantcalling/05_haplotype_caller/SRR25084101.g.vcf.gz -ERC GVCF --sample-ploidy 1 --native-pair-hmm-threads 4 --tmp-dir ../../data/tmp
