01:18:37.583 INFO  NativeLibraryLoader - Loading libgkl_compression.so from jar:file:/gatk/gatk-package-4.3.0.0-local.jar!/com/intel/gkl/native/libgkl_compression.so
01:18:37.760 INFO  HaplotypeCaller - ------------------------------------------------------------
01:18:37.761 INFO  HaplotypeCaller - The Genome Analysis Toolkit (GATK) v4.3.0.0
01:18:37.761 INFO  HaplotypeCaller - For support and documentation go to https://software.broadinstitute.org/gatk/
01:18:37.761 INFO  HaplotypeCaller - Executing as mzingarella@xanadu-04 on Linux v3.10.0-1160.45.1.el7.x86_64 amd64
01:18:37.761 INFO  HaplotypeCaller - Java runtime: OpenJDK 64-Bit Server VM v1.8.0_242-8u242-b08-0ubuntu3~18.04-b08
01:18:37.761 INFO  HaplotypeCaller - Start Date/Time: April 22, 2026 1:18:37 AM GMT
01:18:37.761 INFO  HaplotypeCaller - ------------------------------------------------------------
01:18:37.761 INFO  HaplotypeCaller - ------------------------------------------------------------
01:18:37.762 INFO  HaplotypeCaller - HTSJDK Version: 3.0.1
01:18:37.762 INFO  HaplotypeCaller - Picard Version: 2.27.5
01:18:37.762 INFO  HaplotypeCaller - Built for Spark Version: 2.4.5
01:18:37.762 INFO  HaplotypeCaller - HTSJDK Defaults.COMPRESSION_LEVEL : 2
01:18:37.762 INFO  HaplotypeCaller - HTSJDK Defaults.USE_ASYNC_IO_READ_FOR_SAMTOOLS : false
01:18:37.762 INFO  HaplotypeCaller - HTSJDK Defaults.USE_ASYNC_IO_WRITE_FOR_SAMTOOLS : true
01:18:37.762 INFO  HaplotypeCaller - HTSJDK Defaults.USE_ASYNC_IO_WRITE_FOR_TRIBBLE : false
01:18:37.762 INFO  HaplotypeCaller - Deflater: IntelDeflater
01:18:37.762 INFO  HaplotypeCaller - Inflater: IntelInflater
01:18:37.762 INFO  HaplotypeCaller - GCS max retries/reopens: 20
01:18:37.762 INFO  HaplotypeCaller - Requester pays: disabled
01:18:37.762 INFO  HaplotypeCaller - Initializing engine
01:18:38.159 INFO  HaplotypeCaller - Done initializing engine
01:18:38.161 INFO  HaplotypeCallerEngine - Tool is in reference confidence mode and the annotation, the following changes will be made to any specified annotations: 'StrandBiasBySample' will be enabled. 'ChromosomeCounts', 'FisherStrand', 'StrandOddsRatio' and 'QualByDepth' annotations have been disabled
01:18:38.168 INFO  HaplotypeCallerEngine - Currently, physical phasing is only available for diploid samples.
01:18:38.168 INFO  HaplotypeCallerEngine - Standard Emitting and Calling confidence set to -0.0 for reference-model confidence output
01:18:38.169 INFO  HaplotypeCallerEngine - All sites annotated with PLs forced to true for reference-model confidence output
01:18:38.183 INFO  NativeLibraryLoader - Loading libgkl_utils.so from jar:file:/gatk/gatk-package-4.3.0.0-local.jar!/com/intel/gkl/native/libgkl_utils.so
01:18:38.196 INFO  NativeLibraryLoader - Loading libgkl_pairhmm_omp.so from jar:file:/gatk/gatk-package-4.3.0.0-local.jar!/com/intel/gkl/native/libgkl_pairhmm_omp.so
01:18:38.271 INFO  IntelPairHmm - Flush-to-zero (FTZ) is enabled when running PairHMM
01:18:38.272 INFO  IntelPairHmm - Available threads: 4
01:18:38.272 INFO  IntelPairHmm - Requested threads: 4
01:18:38.272 INFO  PairHMM - Using the OpenMP multi-threaded AVX-accelerated native PairHMM implementation
01:18:38.331 INFO  ProgressMeter - Starting traversal
01:18:38.331 INFO  ProgressMeter -        Current Locus  Elapsed Minutes     Regions Processed   Regions/Minute
01:18:48.409 INFO  ProgressMeter - NZ_CP009273.1:260452              0.2                   870           5180.1
01:18:50.312 WARN  InbreedingCoeff - InbreedingCoeff will not be calculated at position NZ_CP009273.1:337784 and possibly subsequent; at least 10 samples must have called genotypes
01:18:58.471 INFO  ProgressMeter - NZ_CP009273.1:690942              0.3                  2310           6882.2
01:19:08.470 INFO  ProgressMeter - NZ_CP009273.1:1143590              0.5                  3820           7604.8
01:19:18.473 INFO  ProgressMeter - NZ_CP009273.1:1601192              0.7                  5350           7996.6
01:19:28.474 INFO  ProgressMeter - NZ_CP009273.1:2084192              0.8                  6960           8328.2
01:19:38.525 INFO  ProgressMeter - NZ_CP009273.1:2579192              1.0                  8610           8582.3
01:19:48.601 INFO  ProgressMeter - NZ_CP009273.1:3043852              1.2                 10160           8675.1
01:19:58.659 INFO  ProgressMeter - NZ_CP009273.1:3511431              1.3                 11720           8754.1
01:20:08.660 INFO  ProgressMeter - NZ_CP009273.1:3958071              1.5                 13220           8781.2
01:20:18.671 INFO  ProgressMeter - NZ_CP009273.1:4410433              1.7                 14730           8808.1
01:20:23.455 INFO  HaplotypeCaller - 30485 read(s) filtered by: MappingQualityReadFilter 
0 read(s) filtered by: MappingQualityAvailableReadFilter 
0 read(s) filtered by: MappedReadFilter 
0 read(s) filtered by: NotSecondaryAlignmentReadFilter 
47447 read(s) filtered by: NotDuplicateReadFilter 
0 read(s) filtered by: PassesVendorQualityCheckReadFilter 
0 read(s) filtered by: NonZeroReferenceLengthAlignmentReadFilter 
0 read(s) filtered by: GoodCigarReadFilter 
0 read(s) filtered by: WellformedReadFilter 
77932 total reads filtered
01:20:23.456 INFO  ProgressMeter - NZ_CP009273.1:4631419              1.8                 15470           8829.5
01:20:23.456 INFO  ProgressMeter - Traversal complete. Processed 15470 total regions in 1.8 minutes.
01:20:23.467 INFO  VectorLoglessPairHMM - Time spent in setup for JNI call : 0.003098954
01:20:23.467 INFO  PairHMM - Total compute time in PairHMM computeLogLikelihoods() : 0.10308326100000001
01:20:23.468 INFO  SmithWatermanAligner - Total compute time in java Smith-Waterman : 0.26 sec
01:20:23.468 INFO  HaplotypeCaller - Shutting down engine
[April 22, 2026 1:20:23 AM GMT] org.broadinstitute.hellbender.tools.walkers.haplotypecaller.HaplotypeCaller done. Elapsed time: 1.77 minutes.
Runtime.totalMemory()=2249719808
Using GATK jar /gatk/gatk-package-4.3.0.0-local.jar
Running:
    java -Dsamjdk.use_async_io_read_samtools=false -Dsamjdk.use_async_io_write_samtools=true -Dsamjdk.use_async_io_write_tribble=false -Dsamjdk.compression_level=2 -jar /gatk/gatk-package-4.3.0.0-local.jar HaplotypeCaller -R ../../data/genome/GCF_000750555.1_ASM75055v1_genomic.fna -I ../../results/03_variantcalling/04_mark_duplicates/SRR25084097.markdup.bam -O ../../results/03_variantcalling/05_haplotype_caller/SRR25084097.g.vcf.gz -ERC GVCF --sample-ploidy 1 --native-pair-hmm-threads 4 --tmp-dir ../../data/tmp
