01:18:40.118 INFO  NativeLibraryLoader - Loading libgkl_compression.so from jar:file:/gatk/gatk-package-4.3.0.0-local.jar!/com/intel/gkl/native/libgkl_compression.so
01:18:40.484 INFO  HaplotypeCaller - ------------------------------------------------------------
01:18:40.485 INFO  HaplotypeCaller - The Genome Analysis Toolkit (GATK) v4.3.0.0
01:18:40.485 INFO  HaplotypeCaller - For support and documentation go to https://software.broadinstitute.org/gatk/
01:18:40.486 INFO  HaplotypeCaller - Executing as mzingarella@xanadu-10 on Linux v3.10.0-1160.45.1.el7.x86_64 amd64
01:18:40.486 INFO  HaplotypeCaller - Java runtime: OpenJDK 64-Bit Server VM v1.8.0_242-8u242-b08-0ubuntu3~18.04-b08
01:18:40.487 INFO  HaplotypeCaller - Start Date/Time: April 22, 2026 1:18:40 AM GMT
01:18:40.487 INFO  HaplotypeCaller - ------------------------------------------------------------
01:18:40.487 INFO  HaplotypeCaller - ------------------------------------------------------------
01:18:40.488 INFO  HaplotypeCaller - HTSJDK Version: 3.0.1
01:18:40.488 INFO  HaplotypeCaller - Picard Version: 2.27.5
01:18:40.489 INFO  HaplotypeCaller - Built for Spark Version: 2.4.5
01:18:40.489 INFO  HaplotypeCaller - HTSJDK Defaults.COMPRESSION_LEVEL : 2
01:18:40.489 INFO  HaplotypeCaller - HTSJDK Defaults.USE_ASYNC_IO_READ_FOR_SAMTOOLS : false
01:18:40.489 INFO  HaplotypeCaller - HTSJDK Defaults.USE_ASYNC_IO_WRITE_FOR_SAMTOOLS : true
01:18:40.489 INFO  HaplotypeCaller - HTSJDK Defaults.USE_ASYNC_IO_WRITE_FOR_TRIBBLE : false
01:18:40.489 INFO  HaplotypeCaller - Deflater: IntelDeflater
01:18:40.489 INFO  HaplotypeCaller - Inflater: IntelInflater
01:18:40.490 INFO  HaplotypeCaller - GCS max retries/reopens: 20
01:18:40.490 INFO  HaplotypeCaller - Requester pays: disabled
01:18:40.490 INFO  HaplotypeCaller - Initializing engine
01:18:41.286 INFO  HaplotypeCaller - Done initializing engine
01:18:41.290 INFO  HaplotypeCallerEngine - Tool is in reference confidence mode and the annotation, the following changes will be made to any specified annotations: 'StrandBiasBySample' will be enabled. 'ChromosomeCounts', 'FisherStrand', 'StrandOddsRatio' and 'QualByDepth' annotations have been disabled
01:18:41.303 INFO  HaplotypeCallerEngine - Currently, physical phasing is only available for diploid samples.
01:18:41.304 INFO  HaplotypeCallerEngine - Standard Emitting and Calling confidence set to -0.0 for reference-model confidence output
01:18:41.304 INFO  HaplotypeCallerEngine - All sites annotated with PLs forced to true for reference-model confidence output
01:18:41.333 INFO  NativeLibraryLoader - Loading libgkl_utils.so from jar:file:/gatk/gatk-package-4.3.0.0-local.jar!/com/intel/gkl/native/libgkl_utils.so
01:18:41.364 INFO  PairHMM - OpenMP multi-threaded AVX-accelerated native PairHMM implementation is not supported
01:18:41.364 WARN  PairHMM - ***WARNING: Machine does not have the AVX instruction set support needed for the accelerated AVX PairHmm. Falling back to the MUCH slower LOGLESS_CACHING implementation!
01:18:41.425 INFO  ProgressMeter - Starting traversal
01:18:41.425 INFO  ProgressMeter -        Current Locus  Elapsed Minutes     Regions Processed   Regions/Minute
01:18:51.479 INFO  ProgressMeter - NZ_CP009273.1:104452              0.2                   350           2089.1
01:19:01.561 INFO  ProgressMeter - NZ_CP009273.1:278452              0.3                   930           2771.2
01:19:11.599 INFO  ProgressMeter - NZ_CP009273.1:433537              0.5                  1450           2883.4
01:19:21.633 INFO  ProgressMeter - NZ_CP009273.1:613537              0.7                  2050           3059.2
01:19:31.764 INFO  ProgressMeter - NZ_CP009273.1:802537              0.8                  2680           3194.4
01:19:41.948 INFO  ProgressMeter - NZ_CP009273.1:985537              1.0                  3290           3261.6
01:19:52.012 INFO  ProgressMeter - NZ_CP009273.1:1180537              1.2                  3940           3349.1
01:20:02.129 INFO  ProgressMeter - NZ_CP009273.1:1359925              1.3                  4540           3375.3
01:20:12.219 INFO  ProgressMeter - NZ_CP009273.1:1539925              1.5                  5140           3396.7
01:20:22.316 INFO  ProgressMeter - NZ_CP009273.1:1734925              1.7                  5790           3443.4
01:20:32.332 INFO  ProgressMeter - NZ_CP009273.1:1932925              1.8                  6450           3489.4
01:20:42.366 INFO  ProgressMeter - NZ_CP009273.1:2127925              2.0                  7100           3522.4
01:20:52.445 INFO  ProgressMeter - NZ_CP009273.1:2319925              2.2                  7740           3544.5
01:21:02.463 INFO  ProgressMeter - NZ_CP009273.1:2517925              2.4                  8400           3573.5
01:21:12.478 INFO  ProgressMeter - NZ_CP009273.1:2712925              2.5                  9050           3594.8
01:21:22.588 INFO  ProgressMeter - NZ_CP009273.1:2913925              2.7                  9720           3618.7
01:21:29.689 WARN  InbreedingCoeff - InbreedingCoeff will not be calculated at position NZ_CP009273.1:3043814 and possibly subsequent; at least 10 samples must have called genotypes
01:21:32.669 INFO  ProgressMeter - NZ_CP009273.1:3099052              2.9                 10340           3622.9
01:21:42.738 INFO  ProgressMeter - NZ_CP009273.1:3300052              3.0                 11010           3643.4
01:21:52.789 INFO  ProgressMeter - NZ_CP009273.1:3486052              3.2                 11630           3646.5
01:22:02.946 INFO  ProgressMeter - NZ_CP009273.1:3693052              3.4                 12320           3668.1
01:22:13.087 INFO  ProgressMeter - NZ_CP009273.1:3887654              3.5                 12970           3676.6
01:22:23.162 INFO  ProgressMeter - NZ_CP009273.1:4094654              3.7                 13660           3696.3
01:22:33.215 INFO  ProgressMeter - NZ_CP009273.1:4301654              3.9                 14350           3714.6
01:22:43.258 INFO  ProgressMeter - NZ_CP009273.1:4499248              4.0                 15010           3724.1
01:22:49.947 INFO  HaplotypeCaller - 25269 read(s) filtered by: MappingQualityReadFilter 
0 read(s) filtered by: MappingQualityAvailableReadFilter 
0 read(s) filtered by: MappedReadFilter 
0 read(s) filtered by: NotSecondaryAlignmentReadFilter 
28065 read(s) filtered by: NotDuplicateReadFilter 
0 read(s) filtered by: PassesVendorQualityCheckReadFilter 
0 read(s) filtered by: NonZeroReferenceLengthAlignmentReadFilter 
0 read(s) filtered by: GoodCigarReadFilter 
0 read(s) filtered by: WellformedReadFilter 
53334 total reads filtered
01:22:49.948 INFO  ProgressMeter - NZ_CP009273.1:4630363              4.1                 15454           3731.0
01:22:49.948 INFO  ProgressMeter - Traversal complete. Processed 15454 total regions in 4.1 minutes.
01:22:49.971 INFO  PairHMM - Total compute time in PairHMM computeLogLikelihoods() : 0.40682845100000004
01:22:49.971 INFO  SmithWatermanAligner - Total compute time in java Smith-Waterman : 0.11 sec
01:22:49.973 INFO  HaplotypeCaller - Shutting down engine
[April 22, 2026 1:22:49 AM GMT] org.broadinstitute.hellbender.tools.walkers.haplotypecaller.HaplotypeCaller done. Elapsed time: 4.17 minutes.
Runtime.totalMemory()=2392326144
Using GATK jar /gatk/gatk-package-4.3.0.0-local.jar
Running:
    java -Dsamjdk.use_async_io_read_samtools=false -Dsamjdk.use_async_io_write_samtools=true -Dsamjdk.use_async_io_write_tribble=false -Dsamjdk.compression_level=2 -jar /gatk/gatk-package-4.3.0.0-local.jar HaplotypeCaller -R ../../data/genome/GCF_000750555.1_ASM75055v1_genomic.fna -I ../../results/03_variantcalling/04_mark_duplicates/SRR25084102.markdup.bam -O ../../results/03_variantcalling/05_haplotype_caller/SRR25084102.g.vcf.gz -ERC GVCF --sample-ploidy 1 --native-pair-hmm-threads 4 --tmp-dir ../../data/tmp
