01:18:37.039 INFO  NativeLibraryLoader - Loading libgkl_compression.so from jar:file:/gatk/gatk-package-4.3.0.0-local.jar!/com/intel/gkl/native/libgkl_compression.so
01:18:37.267 INFO  HaplotypeCaller - ------------------------------------------------------------
01:18:37.267 INFO  HaplotypeCaller - The Genome Analysis Toolkit (GATK) v4.3.0.0
01:18:37.267 INFO  HaplotypeCaller - For support and documentation go to https://software.broadinstitute.org/gatk/
01:18:37.268 INFO  HaplotypeCaller - Executing as mzingarella@xanadu-49 on Linux v3.10.0-1062.12.1.el7.x86_64 amd64
01:18:37.268 INFO  HaplotypeCaller - Java runtime: OpenJDK 64-Bit Server VM v1.8.0_242-8u242-b08-0ubuntu3~18.04-b08
01:18:37.268 INFO  HaplotypeCaller - Start Date/Time: April 22, 2026 1:18:36 AM GMT
01:18:37.268 INFO  HaplotypeCaller - ------------------------------------------------------------
01:18:37.268 INFO  HaplotypeCaller - ------------------------------------------------------------
01:18:37.269 INFO  HaplotypeCaller - HTSJDK Version: 3.0.1
01:18:37.269 INFO  HaplotypeCaller - Picard Version: 2.27.5
01:18:37.269 INFO  HaplotypeCaller - Built for Spark Version: 2.4.5
01:18:37.269 INFO  HaplotypeCaller - HTSJDK Defaults.COMPRESSION_LEVEL : 2
01:18:37.269 INFO  HaplotypeCaller - HTSJDK Defaults.USE_ASYNC_IO_READ_FOR_SAMTOOLS : false
01:18:37.269 INFO  HaplotypeCaller - HTSJDK Defaults.USE_ASYNC_IO_WRITE_FOR_SAMTOOLS : true
01:18:37.269 INFO  HaplotypeCaller - HTSJDK Defaults.USE_ASYNC_IO_WRITE_FOR_TRIBBLE : false
01:18:37.269 INFO  HaplotypeCaller - Deflater: IntelDeflater
01:18:37.269 INFO  HaplotypeCaller - Inflater: IntelInflater
01:18:37.270 INFO  HaplotypeCaller - GCS max retries/reopens: 20
01:18:37.270 INFO  HaplotypeCaller - Requester pays: disabled
01:18:37.270 INFO  HaplotypeCaller - Initializing engine
01:18:37.723 INFO  HaplotypeCaller - Done initializing engine
01:18:37.726 INFO  HaplotypeCallerEngine - Tool is in reference confidence mode and the annotation, the following changes will be made to any specified annotations: 'StrandBiasBySample' will be enabled. 'ChromosomeCounts', 'FisherStrand', 'StrandOddsRatio' and 'QualByDepth' annotations have been disabled
01:18:37.734 INFO  HaplotypeCallerEngine - Currently, physical phasing is only available for diploid samples.
01:18:37.734 INFO  HaplotypeCallerEngine - Standard Emitting and Calling confidence set to -0.0 for reference-model confidence output
01:18:37.734 INFO  HaplotypeCallerEngine - All sites annotated with PLs forced to true for reference-model confidence output
01:18:37.752 INFO  NativeLibraryLoader - Loading libgkl_utils.so from jar:file:/gatk/gatk-package-4.3.0.0-local.jar!/com/intel/gkl/native/libgkl_utils.so
01:18:37.776 INFO  NativeLibraryLoader - Loading libgkl_pairhmm_omp.so from jar:file:/gatk/gatk-package-4.3.0.0-local.jar!/com/intel/gkl/native/libgkl_pairhmm_omp.so
01:18:37.821 INFO  IntelPairHmm - Flush-to-zero (FTZ) is enabled when running PairHMM
01:18:37.822 INFO  IntelPairHmm - Available threads: 4
01:18:37.822 INFO  IntelPairHmm - Requested threads: 4
01:18:37.822 INFO  PairHMM - Using the OpenMP multi-threaded AVX-accelerated native PairHMM implementation
01:18:37.879 INFO  ProgressMeter - Starting traversal
01:18:37.880 INFO  ProgressMeter -        Current Locus  Elapsed Minutes     Regions Processed   Regions/Minute
01:18:47.918 INFO  ProgressMeter - NZ_CP009273.1:209452              0.2                   700           4184.5
01:18:58.002 INFO  ProgressMeter - NZ_CP009273.1:612937              0.3                  2050           6113.0
01:19:08.052 INFO  ProgressMeter - NZ_CP009273.1:1086937              0.5                  3630           7218.6
01:19:18.097 INFO  ProgressMeter - NZ_CP009273.1:1560325              0.7                  5210           7773.0
01:19:28.116 INFO  ProgressMeter - NZ_CP009273.1:2027846              0.8                  6770           8085.8
01:19:38.167 INFO  ProgressMeter - NZ_CP009273.1:2519846              1.0                  8410           8370.0
01:19:48.197 INFO  ProgressMeter - NZ_CP009273.1:2983854              1.2                  9960           8498.8
01:19:58.258 INFO  ProgressMeter - NZ_CP009273.1:3436504              1.3                 11470           8562.2
01:20:08.317 INFO  ProgressMeter - NZ_CP009273.1:3895504              1.5                 13000           8624.8
01:20:18.338 INFO  ProgressMeter - NZ_CP009273.1:4363247              1.7                 14560           8696.2
01:20:24.249 INFO  HaplotypeCaller - 26860 read(s) filtered by: MappingQualityReadFilter 
0 read(s) filtered by: MappingQualityAvailableReadFilter 
0 read(s) filtered by: MappedReadFilter 
0 read(s) filtered by: NotSecondaryAlignmentReadFilter 
29993 read(s) filtered by: NotDuplicateReadFilter 
0 read(s) filtered by: PassesVendorQualityCheckReadFilter 
0 read(s) filtered by: NonZeroReferenceLengthAlignmentReadFilter 
0 read(s) filtered by: GoodCigarReadFilter 
0 read(s) filtered by: WellformedReadFilter 
56853 total reads filtered
01:20:24.250 INFO  ProgressMeter - NZ_CP009273.1:4630247              1.8                 15454           8717.2
01:20:24.250 INFO  ProgressMeter - Traversal complete. Processed 15454 total regions in 1.8 minutes.
01:20:24.271 INFO  VectorLoglessPairHMM - Time spent in setup for JNI call : 0.0028187390000000002
01:20:24.271 INFO  PairHMM - Total compute time in PairHMM computeLogLikelihoods() : 0.03843071
01:20:24.272 INFO  SmithWatermanAligner - Total compute time in java Smith-Waterman : 0.04 sec
01:20:24.273 INFO  HaplotypeCaller - Shutting down engine
[April 22, 2026 1:20:24 AM GMT] org.broadinstitute.hellbender.tools.walkers.haplotypecaller.HaplotypeCaller done. Elapsed time: 1.79 minutes.
Runtime.totalMemory()=2202533888
Using GATK jar /gatk/gatk-package-4.3.0.0-local.jar
Running:
    java -Dsamjdk.use_async_io_read_samtools=false -Dsamjdk.use_async_io_write_samtools=true -Dsamjdk.use_async_io_write_tribble=false -Dsamjdk.compression_level=2 -jar /gatk/gatk-package-4.3.0.0-local.jar HaplotypeCaller -R ../../data/genome/GCF_000750555.1_ASM75055v1_genomic.fna -I ../../results/03_variantcalling/04_mark_duplicates/SRR25084103.markdup.bam -O ../../results/03_variantcalling/05_haplotype_caller/SRR25084103.g.vcf.gz -ERC GVCF --sample-ploidy 1 --native-pair-hmm-threads 4 --tmp-dir ../../data/tmp
